[12:56:08] ### Iniciando HardeningOne 1.2.13a com PID 2289, build date 18 de Outubro de 2010 ###
[12:56:08] ### Copyleft GPL3 - 2010-2011 - Mauro Risonho de Paula Assumpção,   ###
[12:56:08] Software Versao:           1.2.13a
[12:56:08] Sistema Operacional:          Linux
[12:56:08] Sistema Operacional nome:     Ubuntu
[12:56:08] Sistema Operacional versao:  16.04
[12:56:08] Kernel versao:            4.15.0-29-generic
[12:56:08] Arquitetura de Hardware:         x86_64
[12:56:08] Hostname:                  ubuntu
[12:56:08] Auditor:                   [Desconhecido]
[12:56:08] Profile - Perfil:                   ./default.prf
[12:56:08] Arquivo de Log:                  /var/log/ho-ubuntu-data-17012019_125608.log
[12:56:08] Arquivo de Relatorio:               /var/log/ho-ubuntu-report-17012019_125608.log
[12:56:08] Versao de Relatorio:            1.0
[12:56:08] -----------------------------------------------------
[12:56:08] Incluir Diretorio:         ./include
[12:56:08] Diretorio de Plugin:          ./plugins
[12:56:08] Diretorio Database:        ./db
[12:56:08] ===---------------------------------------------------------------===
[12:56:10] Lendo Perfil/Configuracao ./default.prf
[12:56:10] Opcao profile setada: profile_name (com o valor Default Audit Template)
[12:56:10] Opcao profile setada: pause_between_tests (com o valor 0)
[12:56:10] Set option to default value: MACHINE_ROLE --> server
[12:56:10] Set option to default value: NTPD_ROLE --> client
[12:56:10] ===---------------------------------------------------------------===
[12:56:10] Teste: Verificação de atualização do Software ...
[12:56:12] Resultado: Falha na atualização de seleção Sem conexão? .
[12:56:12] ===---------------------------------------------------------------===
[12:56:12] Iniciando o Scanning de Auditoria em binários  e ferramentas disponíveis...
[12:56:12] ===---------------------------------------------------------------===
[12:56:12] Executando teste ID FILE-7502 ()
[12:56:12] Status: Iniciando Scanning em binário...
[12:56:12] Teste: Verificar os binários no diretório /bin
[12:56:12] Diretorio /bin existe. Iniciando Scanning no diretorio...
[12:56:12] Binario: /bin/bash
[12:56:12] Binario: /bin/bunzip2
[12:56:12] Binario: /bin/busybox
[12:56:12] Binario: /bin/bzcat
[12:56:12] Binario: /bin/bzcmp
[12:56:12] Binario: /bin/bzdiff
[12:56:12] Binario: /bin/bzegrep
[12:56:12] Binario: /bin/bzexe
[12:56:12] Binario: /bin/bzfgrep
[12:56:12] Binario: /bin/bzgrep
[12:56:12] Binario: /bin/bzip2
[12:56:12] Binario: /bin/bzip2recover
[12:56:12] Binario: /bin/bzless
[12:56:12] Binario: /bin/bzmore
[12:56:12] Binario: /bin/cat
[12:56:12] Binario: /bin/chacl
[12:56:12] Binario: /bin/chgrp
[12:56:12] Binario: /bin/chmod
[12:56:12] Binario: /bin/chown
[12:56:12] Binario: /bin/chvt
[12:56:12] Binario: /bin/cp
[12:56:12] Binario: /bin/cpio
[12:56:12] Binario: /bin/dash
[12:56:12] Binario: /bin/date
[12:56:12] Binario: /bin/dd
[12:56:12] Binario: /bin/df
[12:56:12] Binario: /bin/dir
[12:56:12] Binario: /bin/dmesg
[12:56:12] Binario: /bin/dnsdomainname
[12:56:12] Encontrado binário conhecido: dnsdomainname (DNS domain)
[12:56:12] Binario: /bin/domainname
[12:56:12] Encontrado binário conhecido: domainname (NIS domain)
[12:56:12] Binario: /bin/dumpkeys
[12:56:12] Binario: /bin/echo
[12:56:12] Binario: /bin/ed
[12:56:12] Binario: /bin/efibootmgr
[12:56:12] Binario: /bin/egrep
[12:56:12] Binario: /bin/false
[12:56:12] Binario: /bin/fgconsole
[12:56:12] Binario: /bin/fgrep
[12:56:12] Binario: /bin/findmnt
[12:56:12] Binario: /bin/fuser
[12:56:12] Binario: /bin/fusermount
[12:56:12] Binario: /bin/getfacl
[12:56:12] Binario: /bin/grep
[12:56:12] Binario: /bin/gunzip
[12:56:12] Binario: /bin/gzexe
[12:56:12] Binario: /bin/gzip
[12:56:12] Binario: /bin/hciconfig
[12:56:12] Binario: /bin/hostname
[12:56:12] Binario: /bin/ip
[12:56:12] Binario: /bin/journalctl
[12:56:12] Binario: /bin/kbd_mode
[12:56:12] Binario: /bin/kill
[12:56:12] Binario: /bin/kmod
[12:56:12] Binario: /bin/less
[12:56:12] Binario: /bin/lessecho
[12:56:12] Binario: /bin/lessfile
[12:56:12] Binario: /bin/lesskey
[12:56:12] Binario: /bin/lesspipe
[12:56:12] Binario: /bin/ln
[12:56:12] Binario: /bin/loadkeys
[12:56:12] Binario: /bin/login
[12:56:12] Binario: /bin/loginctl
[12:56:12] Binario: /bin/lowntfs-3g
[12:56:12] Binario: /bin/ls
[12:56:12] Binario: /bin/lsblk
[12:56:12] Binario: /bin/lsmod
[12:56:12] Binario: /bin/mkdir
[12:56:12] Binario: /bin/mknod
[12:56:12] Binario: /bin/mktemp
[12:56:12] Binario: /bin/more
[12:56:12] Binario: /bin/mount
[12:56:12] Binario: /bin/mountpoint
[12:56:12] Binario: /bin/mt
[12:56:12] Binario: /bin/mt-gnu
[12:56:12] Binario: /bin/mv
[12:56:12] Binario: /bin/nano
[12:56:12] Binario: /bin/nc
[12:56:12] Binario: /bin/nc.openbsd
[12:56:12] Binario: /bin/netcat
[12:56:12] Binario: /bin/netstat
[12:56:12] Binario: /bin/networkctl
[12:56:12] Binario: /bin/nisdomainname
[12:56:12] Binario: /bin/ntfs-3g
[12:56:12] Binario: /bin/ntfs-3g.probe
[12:56:12] Binario: /bin/ntfs-3g.secaudit
[12:56:12] Binario: /bin/ntfs-3g.usermap
[12:56:12] Binario: /bin/ntfscat
[12:56:12] Binario: /bin/ntfscluster
[12:56:12] Binario: /bin/ntfscmp
[12:56:12] Binario: /bin/ntfsfallocate
[12:56:12] Binario: /bin/ntfsfix
[12:56:12] Binario: /bin/ntfsinfo
[12:56:12] Binario: /bin/ntfsls
[12:56:12] Binario: /bin/ntfsmove
[12:56:12] Binario: /bin/ntfstruncate
[12:56:12] Binario: /bin/ntfswipe
[12:56:12] Binario: /bin/open
[12:56:12] Binario: /bin/openvt
[12:56:12] Binario: /bin/pidof
[12:56:12] Binario: /bin/ping
[12:56:12] Binario: /bin/ping6
[12:56:12] Binario: /bin/plymouth
[12:56:12] Binario: /bin/ps
[12:56:12] Binario: /bin/pwd
[12:56:12] Binario: /bin/rbash
[12:56:12] Binario: /bin/readlink
[12:56:12] Binario: /bin/red
[12:56:12] Binario: /bin/rm
[12:56:12] Binario: /bin/rmdir
[12:56:12] Binario: /bin/rnano
[12:56:12] Binario: /bin/run-parts
[12:56:12] Binario: /bin/sed
[12:56:12] Binario: /bin/setfacl
[12:56:12] Binario: /bin/setfont
[12:56:12] Binario: /bin/setupcon
[12:56:12] Binario: /bin/sh
[12:56:12] Binario: /bin/sh.distrib
[12:56:12] Binario: /bin/sleep
[12:56:12] Binario: /bin/ss
[12:56:12] Binario: /bin/static-sh
[12:56:12] Binario: /bin/stty
[12:56:12] Binario: /bin/su
[12:56:12] Binario: /bin/sync
[12:56:12] Binario: /bin/systemctl
[12:56:12] Binario: /bin/systemd
[12:56:12] Binario: /bin/systemd-ask-password
[12:56:12] Binario: /bin/systemd-escape
[12:56:12] Binario: /bin/systemd-hwdb
[12:56:12] Binario: /bin/systemd-inhibit
[12:56:12] Binario: /bin/systemd-machine-id-setup
[12:56:12] Binario: /bin/systemd-notify
[12:56:12] Binario: /bin/systemd-tmpfiles
[12:56:12] Binario: /bin/systemd-tty-ask-password-agent
[12:56:12] Binario: /bin/tailf
[12:56:12] Binario: /bin/tar
[12:56:12] Binario: /bin/tempfile
[12:56:12] Binario: /bin/touch
[12:56:12] Binario: /bin/true
[12:56:12] Binario: /bin/udevadm
[12:56:12] Binario: /bin/ulockmgr_server
[12:56:12] Binario: /bin/umount
[12:56:12] Binario: /bin/uname
[12:56:12] Binario: /bin/uncompress
[12:56:12] Binario: /bin/unicode_start
[12:56:12] Binario: /bin/vdir
[12:56:12] Binario: /bin/wdctl
[12:56:12] Binario: /bin/which
[12:56:12] Binario: /bin/whiptail
[12:56:12] Binario: /bin/ypdomainname
[12:56:12] Binario: /bin/zcat
[12:56:12] Binario: /bin/zcmp
[12:56:12] Binario: /bin/zdiff
[12:56:12] Binario: /bin/zegrep
[12:56:12] Binario: /bin/zfgrep
[12:56:12] Binario: /bin/zforce
[12:56:12] Binario: /bin/zgrep
[12:56:12] Binario: /bin/zless
[12:56:12] Binario: /bin/zmore
[12:56:12] Binario: /bin/znew
[12:56:12] ===---------------------------------------------------------------===
[12:56:12] Teste: Verificar os binários no diretório /sbin
[12:56:12] Diretorio /sbin existe. Iniciando Scanning no diretorio...
[12:56:12] Binario: /sbin/acpi_available
[12:56:12] Binario: /sbin/agetty
[12:56:12] Binario: /sbin/alsa
[12:56:12] Binario: /sbin/apm_available
[12:56:12] Binario: /sbin/apparmor_parser
[12:56:12] Binario: /sbin/badblocks
[12:56:12] Binario: /sbin/blkdiscard
[12:56:12] Binario: /sbin/blkid
[12:56:12] Binario: /sbin/blockdev
[12:56:12] Binario: /sbin/bridge
[12:56:12] Binario: /sbin/brltty
[12:56:12] Binario: /sbin/brltty-setup
[12:56:12] Binario: /sbin/capsh
[12:56:12] Binario: /sbin/cfdisk
[12:56:12] Binario: /sbin/cgdisk
[12:56:12] Binario: /sbin/chcpu
[12:56:12] Binario: /sbin/crda
[12:56:12] Binario: /sbin/ctrlaltdel
[12:56:12] Binario: /sbin/debugfs
[12:56:12] Binario: /sbin/depmod
[12:56:12] Binario: /sbin/dhclient
[12:56:12] Binario: /sbin/dhclient-script
[12:56:12] Binario: /sbin/dosfsck
[12:56:12] Binario: /sbin/dosfslabel
[12:56:12] Binario: /sbin/dumpe2fs
[12:56:12] Binario: /sbin/e2fsck
[12:56:12] Binario: /sbin/e2image
[12:56:12] Binario: /sbin/e2label
[12:56:12] Binario: /sbin/e2undo
[12:56:12] Binario: /sbin/ethtool
[12:56:12] Binario: /sbin/fatlabel
[12:56:12] Binario: /sbin/fdisk
[12:56:12] Binario: /sbin/findfs
[12:56:12] Binario: /sbin/fixparts
[12:56:12] Binario: /sbin/fsck
[12:56:12] Binario: /sbin/fsck.cramfs
[12:56:12] Binario: /sbin/fsck.ext2
[12:56:12] Binario: /sbin/fsck.ext3
[12:56:12] Binario: /sbin/fsck.ext4
[12:56:12] Binario: /sbin/fsck.ext4dev
[12:56:12] Binario: /sbin/fsck.fat
[12:56:12] Binario: /sbin/fsck.minix
[12:56:12] Binario: /sbin/fsck.msdos
[12:56:12] Binario: /sbin/fsck.nfs
[12:56:12] Binario: /sbin/fsck.vfat
[12:56:12] Binario: /sbin/fsfreeze
[12:56:12] Binario: /sbin/fstab-decode
[12:56:12] Binario: /sbin/fstrim
[12:56:12] Binario: /sbin/gdisk
[12:56:12] Binario: /sbin/getcap
[12:56:12] Binario: /sbin/getpcaps
[12:56:12] Binario: /sbin/getty
[12:56:12] Binario: /sbin/halt
[12:56:12] Binario: /sbin/hdparm
[12:56:12] Binario: /sbin/hwclock
[12:56:12] Binario: /sbin/ifconfig
[12:56:12] Binario: /sbin/ifdown
[12:56:12] Binario: /sbin/ifquery
[12:56:12] Binario: /sbin/ifup
[12:56:12] Binario: /sbin/init
[12:56:12] Binario: /sbin/initctl
[12:56:12] Binario: /sbin/insmod
[12:56:12] Binario: /sbin/installkernel
[12:56:12] Binario: /sbin/ip
[12:56:12] Binario: /sbin/ip6tables
[12:56:12] Binario: /sbin/ip6tables-restore
[12:56:12] Binario: /sbin/ip6tables-save
[12:56:12] Binario: /sbin/ipmaddr
[12:56:12] Binario: /sbin/iptables
[12:56:12] Binario: /sbin/iptables-restore
[12:56:12] Binario: /sbin/iptables-save
[12:56:12] Binario: /sbin/iptunnel
[12:56:12] Binario: /sbin/isosize
[12:56:12] Binario: /sbin/iw
[12:56:12] Binario: /sbin/iwconfig
[12:56:12] Binario: /sbin/iwevent
[12:56:12] Binario: /sbin/iwgetid
[12:56:12] Binario: /sbin/iwlist
[12:56:12] Binario: /sbin/iwpriv
[12:56:12] Binario: /sbin/iwspy
[12:56:12] Binario: /sbin/kbdrate
[12:56:12] Binario: /sbin/killall5
[12:56:12] Binario: /sbin/ldconfig
[12:56:12] Binario: /sbin/ldconfig.real
[12:56:12] Binario: /sbin/logsave
[12:56:12] Binario: /sbin/losetup
[12:56:12] Binario: /sbin/lsmod
[12:56:12] Binario: /sbin/lspcmcia
[12:56:12] Binario: /sbin/MAKEDEV
[12:56:12] Binario: /sbin/mii-tool
[12:56:12] Binario: /sbin/mkdosfs
[12:56:12] Binario: /sbin/mke2fs
[12:56:12] Binario: /sbin/mkfs
[12:56:12] Binario: /sbin/mkfs.bfs
[12:56:12] Binario: /sbin/mkfs.cramfs
[12:56:12] Binario: /sbin/mkfs.ext2
[12:56:12] Binario: /sbin/mkfs.ext3
[12:56:12] Binario: /sbin/mkfs.ext4
[12:56:12] Binario: /sbin/mkfs.ext4dev
[12:56:12] Binario: /sbin/mkfs.fat
[12:56:12] Binario: /sbin/mkfs.minix
[12:56:12] Binario: /sbin/mkfs.msdos
[12:56:12] Binario: /sbin/mkfs.ntfs
[12:56:12] Binario: /sbin/mkfs.vfat
[12:56:12] Binario: /sbin/mkhomedir_helper
[12:56:12] Binario: /sbin/mkntfs
[12:56:12] Binario: /sbin/mkswap
[12:56:12] Binario: /sbin/mntctl
[12:56:12] Binario: /sbin/modinfo
[12:56:12] Binario: /sbin/modprobe
[12:56:12] Binario: /sbin/mountall
[12:56:12] Binario: /sbin/mount.fuse
[12:56:12] Binario: /sbin/mount.lowntfs-3g
[12:56:12] Binario: /sbin/mount.ntfs
[12:56:12] Binario: /sbin/mount.ntfs-3g
[12:56:12] Binario: /sbin/mount.vmhgfs
[12:56:12] Binario: /sbin/nameif
[12:56:12] Binario: /sbin/ntfsclone
[12:56:12] Binario: /sbin/ntfscp
[12:56:12] Binario: /sbin/ntfslabel
[12:56:12] Binario: /sbin/ntfsresize
[12:56:12] Binario: /sbin/ntfsundelete
[12:56:12] Binario: /sbin/on_ac_power
[12:56:13] Binario: /sbin/pam_extrausers_chkpwd
[12:56:13] Binario: /sbin/pam_extrausers_update
[12:56:13] Binario: /sbin/pam_tally
[12:56:13] Binario: /sbin/pam_tally2
[12:56:13] Binario: /sbin/parted
[12:56:13] Binario: /sbin/partprobe
[12:56:13] Binario: /sbin/pccardctl
[12:56:13] Binario: /sbin/pivot_root
[12:56:13] Binario: /sbin/plipconfig
[12:56:13] Binario: /sbin/plymouthd
[12:56:13] Binario: /sbin/poweroff
[12:56:13] Binario: /sbin/rarp
[12:56:13] Binario: /sbin/raw
[12:56:13] Binario: /sbin/reboot
[12:56:13] Binario: /sbin/regdbdump
[12:56:13] Binario: /sbin/reload
[12:56:13] Binario: /sbin/resize2fs
[12:56:13] Binario: /sbin/resolvconf
[12:56:13] Binario: /sbin/restart
[12:56:13] Binario: /sbin/rmmod
[12:56:13] Binario: /sbin/route
[12:56:13] Binario: /sbin/rtacct
[12:56:13] Binario: /sbin/rtmon
[12:56:13] Binario: /sbin/runlevel
[12:56:13] Binario: /sbin/runuser
[12:56:13] Binario: /sbin/setcap
[12:56:13] Binario: /sbin/setvtrgb
[12:56:13] Binario: /sbin/sfdisk
[12:56:13] Binario: /sbin/sgdisk
[12:56:13] Binario: /sbin/shadowconfig
[12:56:13] Binario: /sbin/shutdown
[12:56:13] Binario: /sbin/slattach
[12:56:13] Binario: /sbin/start
[12:56:13] Binario: /sbin/start-stop-daemon
[12:56:13] Binario: /sbin/status
[12:56:13] Binario: /sbin/stop
[12:56:13] Binario: /sbin/sulogin
[12:56:13] Binario: /sbin/swaplabel
[12:56:13] Binario: /sbin/swapoff
[12:56:13] Binario: /sbin/swapon
[12:56:13] Binario: /sbin/switch_root
[12:56:13] Binario: /sbin/sysctl
[12:56:13] Binario: /sbin/tc
[12:56:13] Binario: /sbin/telinit
[12:56:13] Binario: /sbin/tipc
[12:56:13] Binario: /sbin/tune2fs
[12:56:13] Binario: /sbin/u-d-c-print-pci-ids
[12:56:13] Binario: /sbin/udevadm
[12:56:13] Binario: /sbin/umount.udisks2
[12:56:13] Binario: /sbin/unix_chkpwd
[12:56:13] Binario: /sbin/unix_update
[12:56:13] Binario: /sbin/upstart
[12:56:13] Binario: /sbin/upstart-dbus-bridge
[12:56:13] Binario: /sbin/upstart-event-bridge
[12:56:13] Binario: /sbin/upstart-file-bridge
[12:56:13] Binario: /sbin/upstart-local-bridge
[12:56:13] Binario: /sbin/upstart-socket-bridge
[12:56:13] Binario: /sbin/upstart-udev-bridge
[12:56:13] Binario: /sbin/ureadahead
[12:56:13] Binario: /sbin/wipefs
[12:56:13] Binario: /sbin/wpa_action
[12:56:13] Binario: /sbin/wpa_cli
[12:56:13] Binario: /sbin/wpa_supplicant
[12:56:13] Binario: /sbin/xtables-multi
[12:56:13] Binario: /sbin/zramctl
[12:56:13] ===---------------------------------------------------------------===
[12:56:13] Teste: Verificar os binários no diretório /usr/bin
[12:56:13] Diretorio /usr/bin existe. Iniciando Scanning no diretorio...
[12:56:13] Binario: /usr/bin/[
[12:56:13] Binario: /usr/bin/2to3
[12:56:13] Binario: /usr/bin/2to3-2.7
[12:56:13] Binario: /usr/bin/2to3-3.5
[12:56:13] Binario: /usr/bin/411toppm
[12:56:13] Binario: /usr/bin/a11y-profile-manager-indicator
[12:56:13] Binario: /usr/bin/aa-enabled
[12:56:13] Binario: /usr/bin/aconnect
[12:56:13] Binario: /usr/bin/acpi_listen
[12:56:13] Binario: /usr/bin/activity-log-manager
[12:56:13] Binario: /usr/bin/add-apt-repository
[12:56:13] Binario: /usr/bin/addpart
[12:56:13] Binario: /usr/bin/addr2line
[12:56:13] Binario: /usr/bin/alsabat
[12:56:13] Binario: /usr/bin/alsaloop
[12:56:13] Binario: /usr/bin/alsamixer
[12:56:13] Binario: /usr/bin/alsatplg
[12:56:13] Binario: /usr/bin/alsaucm
[12:56:13] Binario: /usr/bin/amidi
[12:56:13] Binario: /usr/bin/amixer
[12:56:13] Binario: /usr/bin/amuFormat.sh
[12:56:13] Binario: /usr/bin/animate
[12:56:13] Binario: /usr/bin/animate-im6
[12:56:13] Binario: /usr/bin/anytopnm
[12:56:13] Binario: /usr/bin/apg
[12:56:13] Binario: /usr/bin/apgbfm
[12:56:13] Binario: /usr/bin/aplay
[12:56:13] Binario: /usr/bin/aplaymidi
[12:56:13] Binario: /usr/bin/apport-bug
[12:56:13] Binario: /usr/bin/apport-cli
[12:56:13] Binario: /usr/bin/apport-collect
[12:56:13] Binario: /usr/bin/apport-unpack
[12:56:13] Binario: /usr/bin/appres
[12:56:13] Binario: /usr/bin/appstreamcli
[12:56:13] Binario: /usr/bin/apropos
[12:56:13] Binario: /usr/bin/apt
[12:56:13] Binario: /usr/bin/apt-add-repository
[12:56:13] Binario: /usr/bin/apt-cache
[12:56:13] Binario: /usr/bin/apt-cdrom
[12:56:13] Binario: /usr/bin/apt-config
[12:56:13] Binario: /usr/bin/aptdcon
[12:56:13] Binario: /usr/bin/apt-extracttemplates
[12:56:13] Binario: /usr/bin/apt-ftparchive
[12:56:13] Binario: /usr/bin/apt-get
[12:56:13] Binario: /usr/bin/apt-key
[12:56:13] Binario: /usr/bin/apt-mark
[12:56:13] Binario: /usr/bin/apt-sortpkgs
[12:56:13] Binario: /usr/bin/apturl
[12:56:13] Binario: /usr/bin/apturl-gtk
[12:56:13] Binario: /usr/bin/ar
[12:56:13] Binario: /usr/bin/arch
[12:56:13] Binario: /usr/bin/arecord
[12:56:13] Binario: /usr/bin/arecordmidi
[12:56:13] Binario: /usr/bin/arm2hpdl
[12:56:13] Binario: /usr/bin/arping
[12:56:13] Binario: /usr/bin/as
[12:56:13] Binario: /usr/bin/asciitopgm
[12:56:13] Binario: /usr/bin/aseqdump
[12:56:13] Binario: /usr/bin/aseqnet
[12:56:13] Binario: /usr/bin/aspell
[12:56:13] Binario: /usr/bin/aspell-import
[12:56:13] Binario: /usr/bin/assistant
[12:56:13] Binario: /usr/bin/atktopbm
[12:56:13] Binario: /usr/bin/atobm
[12:56:13] Binario: /usr/bin/avahi-browse
[12:56:13] Binario: /usr/bin/avahi-browse-domains
[12:56:13] Binario: /usr/bin/avahi-publish
[12:56:13] Binario: /usr/bin/avahi-publish-address
[12:56:13] Binario: /usr/bin/avahi-publish-service
[12:56:13] Binario: /usr/bin/avahi-resolve
[12:56:13] Binario: /usr/bin/avahi-resolve-address
[12:56:13] Binario: /usr/bin/avahi-resolve-host-name
[12:56:13] Binario: /usr/bin/avahi-set-host-name
[12:56:13] Binario: /usr/bin/awk
[12:56:13] Binario: /usr/bin/baobab
[12:56:13] Binario: /usr/bin/base32
[12:56:13] Binario: /usr/bin/base64
[12:56:13] Binario: /usr/bin/basename
[12:56:13] Binario: /usr/bin/bashbug
[12:56:13] Binario: /usr/bin/bc
[12:56:13] Binario: /usr/bin/bccmd
[12:56:13] Binario: /usr/bin/bdftopcf
[12:56:13] Binario: /usr/bin/bdftruncate
[12:56:13] Binario: /usr/bin/bioradtopgm
[12:56:13] Binario: /usr/bin/bitmap
[12:56:13] Binario: /usr/bin/bluemoon
[12:56:13] Binario: /usr/bin/bluetoothctl
[12:56:13] Binario: /usr/bin/bluetooth-sendto
[12:56:13] Binario: /usr/bin/bluetooth-wizard
[12:56:13] Binario: /usr/bin/bmptopnm
[12:56:13] Binario: /usr/bin/bmptoppm
[12:56:13] Binario: /usr/bin/bmtoa
[12:56:13] Binario: /usr/bin/bootctl
[12:56:13] Binario: /usr/bin/brltty-ctb
[12:56:13] Binario: /usr/bin/brltty-trtxt
[12:56:13] Binario: /usr/bin/brltty-ttb
[12:56:13] Binario: /usr/bin/broadwayd
[12:56:13] Binario: /usr/bin/browse
[12:56:13] Binario: /usr/bin/brushtopbm
[12:56:13] Binario: /usr/bin/bsd-from
[12:56:13] Binario: /usr/bin/bsd-mailx
[12:56:13] Binario: /usr/bin/bsd-write
[12:56:13] Binario: /usr/bin/btattach
[12:56:13] Binario: /usr/bin/btmgmt
[12:56:13] Binario: /usr/bin/btmon
[12:56:13] Binario: /usr/bin/busctl
[12:56:13] Binario: /usr/bin/c++
[12:56:13] Binario: /usr/bin/c2ph
[12:56:13] Binario: /usr/bin/c89
[12:56:13] Binario: /usr/bin/c89-gcc
[12:56:13] Binario: /usr/bin/c99
[12:56:13] Binario: /usr/bin/c99-gcc
[12:56:13] Binario: /usr/bin/cal
[12:56:13] Binario: /usr/bin/calendar
[12:56:13] Binario: /usr/bin/calibrate_ppa
[12:56:13] Binario: /usr/bin/canberra-gtk-play
[12:56:13] Binario: /usr/bin/cancel
[12:56:13] Binario: /usr/bin/captoinfo
[12:56:13] Binario: /usr/bin/catchsegv
[12:56:13] Binario: /usr/bin/catman
[12:56:13] Binario: /usr/bin/cautious-launcher
[12:56:13] Binario: /usr/bin/cc
[12:56:13] Binario: /usr/bin/cd-create-profile
[12:56:13] Binario: /usr/bin/cd-fix-profile
[12:56:13] Binario: /usr/bin/cd-iccdump
[12:56:13] Binario: /usr/bin/cd-it8
[12:56:13] Binario: /usr/bin/c++filt
[12:56:13] Binario: /usr/bin/chacl
[12:56:13] Binario: /usr/bin/chage
[12:56:13] Binario: /usr/bin/chardet3
[12:56:13] Binario: /usr/bin/chardetect3
[12:56:13] Binario: /usr/bin/charmap
[12:56:13] Binario: /usr/bin/chattr
[12:56:13] Binario: /usr/bin/chcon
[12:56:13] Binario: /usr/bin/check-language-support
[12:56:13] Binario: /usr/bin/cheese
[12:56:13] Binario: /usr/bin/chfn
[12:56:13] Binario: /usr/bin/chrt
[12:56:13] Binario: /usr/bin/chsh
[12:56:13] Binario: /usr/bin/ciptool
[12:56:13] Binario: /usr/bin/ckbcomp
[12:56:13] Binario: /usr/bin/cksum
[12:56:13] Binario: /usr/bin/clambc
[12:56:13] Binario: /usr/bin/clamscan
[12:56:13] Binario: /usr/bin/clamsubmit
[12:56:13] Binario: /usr/bin/clear
[12:56:13] Binario: /usr/bin/clear_console
[12:56:13] Binario: /usr/bin/cmp
[12:56:13] Binario: /usr/bin/cmuwmtopbm
[12:56:13] Binario: /usr/bin/codepage
[12:56:13] Binario: /usr/bin/col
[12:56:13] Binario: /usr/bin/colcrt
[12:56:13] Binario: /usr/bin/colormgr
[12:56:13] Binario: /usr/bin/colrm
[12:56:13] Binario: /usr/bin/column
[12:56:13] Binario: /usr/bin/combinediff
[12:56:13] Binario: /usr/bin/comm
[12:56:13] Binario: /usr/bin/compare
[12:56:13] Binario: /usr/bin/compare-im6
[12:56:13] Binario: /usr/bin/compiz
[12:56:13] Binario: /usr/bin/compiz-decorator
[12:56:13] Binario: /usr/bin/compose
[12:56:13] Binario: /usr/bin/composite
[12:56:13] Binario: /usr/bin/composite-im6
[12:56:13] Binario: /usr/bin/conjure
[12:56:13] Binario: /usr/bin/conjure-im6
[12:56:13] Binario: /usr/bin/convert
[12:56:13] Binario: /usr/bin/convert-im6
[12:56:13] Binario: /usr/bin/corelist
[12:56:13] Binario: /usr/bin/cpan
[12:56:13] Binario: /usr/bin/cpan5.22-x86_64-linux-gnu
[12:56:13] Binario: /usr/bin/cpp
[12:56:13] Binario: /usr/bin/cpp-5
[12:56:13] Binario: /usr/bin/crc32
[12:56:13] Binario: /usr/bin/createfontdatachunk
[12:56:13] Binario: /usr/bin/credentials-preferences
[12:56:13] Binario: /usr/bin/c_rehash
[12:56:13] Binario: /usr/bin/crontab
[12:56:13] Binario: /usr/bin/csplit
[12:56:13] Binario: /usr/bin/ctstat
[12:56:13] Binario: /usr/bin/cups-calibrate
[12:56:13] Binario: /usr/bin/cupstestdsc
[12:56:13] Binario: /usr/bin/cupstestppd
[12:56:13] Binario: /usr/bin/cut
[12:56:13] Binario: /usr/bin/cvt
[12:56:13] Binario: /usr/bin/dbus-cleanup-sockets
[12:56:13] Binario: /usr/bin/dbus-daemon
[12:56:13] Binario: /usr/bin/dbus-launch
[12:56:13] Binario: /usr/bin/dbus-monitor
[12:56:13] Binario: /usr/bin/dbus-run-session
[12:56:13] Binario: /usr/bin/dbus-send
[12:56:13] Binario: /usr/bin/dbus-update-activation-environment
[12:56:13] Binario: /usr/bin/dbus-uuidgen
[12:56:13] Binario: /usr/bin/dc
[12:56:13] Binario: /usr/bin/dconf
[12:56:13] Binario: /usr/bin/deallocvt
[12:56:13] Binario: /usr/bin/debconf
[12:56:13] Binario: /usr/bin/debconf-apt-progress
[12:56:13] Binario: /usr/bin/debconf-communicate
[12:56:13] Binario: /usr/bin/debconf-copydb
[12:56:13] Binario: /usr/bin/debconf-escape
[12:56:13] Binario: /usr/bin/debconf-set-selections
[12:56:13] Binario: /usr/bin/debconf-show
[12:56:13] Binario: /usr/bin/deb-systemd-helper
[12:56:13] Binario: /usr/bin/deb-systemd-invoke
[12:56:13] Binario: /usr/bin/dehtmldiff
[12:56:13] Binario: /usr/bin/deja-dup
[12:56:13] Binario: /usr/bin/deja-dup-preferences
[12:56:13] Binario: /usr/bin/delpart
[12:56:13] Binario: /usr/bin/designer
[12:56:13] Binario: /usr/bin/desktop-file-edit
[12:56:13] Binario: /usr/bin/desktop-file-install
[12:56:13] Binario: /usr/bin/desktop-file-validate
[12:56:13] Binario: /usr/bin/devdump
[12:56:13] Binario: /usr/bin/dfu-tool
[12:56:13] Binario: /usr/bin/dh_bash-completion
[12:56:13] Binario: /usr/bin/dh_installxmlcatalogs
[12:56:13] Binario: /usr/bin/dh_pypy
[12:56:13] Binario: /usr/bin/dh_python2
[12:56:13] Binario: /usr/bin/dh_python3
[12:56:13] Binario: /usr/bin/diff
[12:56:13] Binario: /usr/bin/diff3
[12:56:13] Binario: /usr/bin/diffstat
[12:56:13] Binario: /usr/bin/dig
[12:56:13] Binario: /usr/bin/dircolors
[12:56:13] Binario: /usr/bin/dirmngr
[12:56:13] Binario: /usr/bin/dirmngr-client
[12:56:13] Binario: /usr/bin/dirname
[12:56:13] Binario: /usr/bin/dirsplit
[12:56:13] Binario: /usr/bin/display
[12:56:13] Binario: /usr/bin/display-im6
[12:56:13] Binario: /usr/bin/dm-tool
[12:56:13] Binario: /usr/bin/do-release-upgrade
[12:56:13] Binario: /usr/bin/dotlockfile
[12:56:13] Binario: /usr/bin/dpkg
[12:56:13] Binario: /usr/bin/dpkg-architecture
[12:56:13] Binario: /usr/bin/dpkg-buildflags
[12:56:13] Binario: /usr/bin/dpkg-buildpackage
[12:56:13] Binario: /usr/bin/dpkg-checkbuilddeps
[12:56:13] Binario: /usr/bin/dpkg-deb
[12:56:13] Binario: /usr/bin/dpkg-distaddfile
[12:56:13] Binario: /usr/bin/dpkg-divert
[12:56:13] Binario: /usr/bin/dpkg-genchanges
[12:56:13] Binario: /usr/bin/dpkg-gencontrol
[12:56:13] Binario: /usr/bin/dpkg-gensymbols
[12:56:13] Binario: /usr/bin/dpkg-log-summary
[12:56:13] Binario: /usr/bin/dpkg-maintscript-helper
[12:56:13] Binario: /usr/bin/dpkg-mergechangelogs
[12:56:13] Binario: /usr/bin/dpkg-name
[12:56:13] Binario: /usr/bin/dpkg-parsechangelog
[12:56:13] Binario: /usr/bin/dpkg-query
[12:56:13] Binario: /usr/bin/dpkg-scanpackages
[12:56:13] Binario: /usr/bin/dpkg-scansources
[12:56:13] Binario: /usr/bin/dpkg-shlibdeps
[12:56:13] Binario: /usr/bin/dpkg-source
[12:56:13] Binario: /usr/bin/dpkg-split
[12:56:13] Binario: /usr/bin/dpkg-statoverride
[12:56:13] Binario: /usr/bin/dpkg-trigger
[12:56:13] Binario: /usr/bin/dpkg-vendor
[12:56:13] Binario: /usr/bin/du
[12:56:13] Binario: /usr/bin/dumpkeys
[12:56:13] Binario: /usr/bin/dvipdf
[12:56:13] Binario: /usr/bin/dwp
[12:56:13] Binario: /usr/bin/edit
[12:56:13] Binario: /usr/bin/editdiff
[12:56:13] Binario: /usr/bin/editor
[12:56:13] Binario: /usr/bin/editres
[12:56:13] Binario: /usr/bin/eject
[12:56:13] Binario: /usr/bin/elfedit
[12:56:13] Binario: /usr/bin/enc2xs
[12:56:13] Binario: /usr/bin/encguess
[12:56:13] Binario: /usr/bin/enchant
[12:56:13] Binario: /usr/bin/enchant-lsmod
[12:56:13] Binario: /usr/bin/enhancer
[12:56:13] Binario: /usr/bin/env
[12:56:13] Binario: /usr/bin/envsubst
[12:56:13] Binario: /usr/bin/eog
[12:56:13] Binario: /usr/bin/eps2eps
[12:56:13] Binario: /usr/bin/eqn
[12:56:13] Binario: /usr/bin/erb
[12:56:13] Binario: /usr/bin/erb2.3
[12:56:13] Binario: /usr/bin/esc-m
[12:56:13] Binario: /usr/bin/evince
[12:56:13] Binario: /usr/bin/evince-previewer
[12:56:13] Binario: /usr/bin/evince-thumbnailer
[12:56:13] Binario: /usr/bin/ex
[12:56:13] Binario: /usr/bin/expand
[12:56:13] Binario: /usr/bin/expiry
[12:56:13] Binario: /usr/bin/explode
[12:56:13] Binario: /usr/bin/expr
[12:56:13] Binario: /usr/bin/eyuvtoppm
[12:56:13] Binario: /usr/bin/factor
[12:56:13] Binario: /usr/bin/faillog
[12:56:13] Binario: /usr/bin/faked-sysv
[12:56:13] Binario: /usr/bin/faked-tcp
[12:56:13] Binario: /usr/bin/fakeroot
[12:56:13] Binario: /usr/bin/fakeroot-sysv
[12:56:13] Binario: /usr/bin/fakeroot-tcp
[12:56:13] Binario: /usr/bin/fallocate
[12:56:13] Binario: /usr/bin/fc-cache
[12:56:13] Binario: /usr/bin/fc-cat
[12:56:13] Binario: /usr/bin/fc-list
[12:56:13] Binario: /usr/bin/fc-match
[12:56:13] Binario: /usr/bin/fc-pattern
[12:56:13] Binario: /usr/bin/fc-query
[12:56:13] Binario: /usr/bin/fc-scan
[12:56:13] Binario: /usr/bin/fc-validate
[12:56:13] Binario: /usr/bin/fiascotopnm
[12:56:13] Binario: /usr/bin/file
[12:56:13] Binario: /usr/bin/file2brl
[12:56:13] Binario: /usr/bin/file-rename
[12:56:13] Binario: /usr/bin/file-roller
[12:56:13] Binario: /usr/bin/filterdiff
[12:56:13] Binario: /usr/bin/find
[12:56:13] Encontrado binário conhecido: find (search tool)
[12:56:13] Binario: /usr/bin/firefox
[12:56:13] Binario: /usr/bin/fitstopnm
[12:56:13] Binario: /usr/bin/fixcvsdiff
[12:56:13] Binario: /usr/bin/fix-qdf
[12:56:13] Binario: /usr/bin/flipdiff
[12:56:13] Binario: /usr/bin/flock
[12:56:13] Binario: /usr/bin/fmt
[12:56:13] Binario: /usr/bin/fold
[12:56:13] Binario: /usr/bin/fonttosfnt
[12:56:13] Binario: /usr/bin/foo2hbpl2
[12:56:13] Binario: /usr/bin/foo2hbpl2-wrapper
[12:56:13] Binario: /usr/bin/foo2hiperc
[12:56:13] Binario: /usr/bin/foo2hiperc-wrapper
[12:56:13] Binario: /usr/bin/foo2hp
[12:56:13] Binario: /usr/bin/foo2hp2600-wrapper
[12:56:13] Binario: /usr/bin/foo2lava
[12:56:13] Binario: /usr/bin/foo2lava-wrapper
[12:56:13] Binario: /usr/bin/foo2oak
[12:56:13] Binario: /usr/bin/foo2oak-wrapper
[12:56:13] Binario: /usr/bin/foo2qpdl
[12:56:13] Binario: /usr/bin/foo2qpdl-wrapper
[12:56:13] Binario: /usr/bin/foo2slx
[12:56:13] Binario: /usr/bin/foo2slx-wrapper
[12:56:13] Binario: /usr/bin/foo2xqx
[12:56:13] Binario: /usr/bin/foo2xqx-wrapper
[12:56:13] Binario: /usr/bin/foo2zjs
[12:56:13] Binario: /usr/bin/foo2zjs-icc2ps
[12:56:13] Binario: /usr/bin/foo2zjs-pstops
[12:56:13] Binario: /usr/bin/foo2zjs-wrapper
[12:56:13] Binario: /usr/bin/foomatic-rip
[12:56:13] Binario: /usr/bin/free
[12:56:13] Binario: /usr/bin/freshclam
[12:56:13] Binario: /usr/bin/from
[12:56:13] Binario: /usr/bin/fstopgm
[12:56:13] Binario: /usr/bin/ftp
[12:56:13] Binario: /usr/bin/funzip
[12:56:13] Binario: /usr/bin/fwupdate
[12:56:13] Binario: /usr/bin/fwupdmgr
[12:56:13] Binario: /usr/bin/g++
[12:56:13] Binario: /usr/bin/g3topbm
[12:56:13] Binario: /usr/bin/g++-5
[12:56:13] Binario: /usr/bin/gamma4scanimage
[12:56:13] Binario: /usr/bin/gapplication
[12:56:13] Binario: /usr/bin/gatttool
[12:56:13] Binario: /usr/bin/gcalccmd
[12:56:13] Binario: /usr/bin/gcc
[12:56:13] Encontrado binário conhecido: gcc (compiler)
[12:56:13] Binario: /usr/bin/gcc-5
[12:56:13] Binario: /usr/bin/gcc-ar
[12:56:13] Binario: /usr/bin/gcc-ar-5
[12:56:13] Binario: /usr/bin/gcc-nm
[12:56:13] Binario: /usr/bin/gcc-nm-5
[12:56:13] Binario: /usr/bin/gcc-ranlib
[12:56:13] Binario: /usr/bin/gcc-ranlib-5
[12:56:13] Binario: /usr/bin/gconf-merge-tree
[12:56:13] Binario: /usr/bin/gconftool
[12:56:13] Binario: /usr/bin/gconftool-2
[12:56:13] Binario: /usr/bin/gcore
[12:56:13] Binario: /usr/bin/gcov
[12:56:13] Binario: /usr/bin/gcov-5
[12:56:13] Binario: /usr/bin/gcov-tool
[12:56:13] Binario: /usr/bin/gcov-tool-5
[12:56:13] Binario: /usr/bin/gcr-viewer
[12:56:13] Binario: /usr/bin/gdb
[12:56:13] Binario: /usr/bin/gdb-add-index
[12:56:13] Binario: /usr/bin/gdbserver
[12:56:13] Binario: /usr/bin/gdbtui
[12:56:13] Binario: /usr/bin/gdbus
[12:56:13] Binario: /usr/bin/gdialog
[12:56:13] Binario: /usr/bin/gedit
[12:56:13] Binario: /usr/bin/gem
[12:56:13] Binario: /usr/bin/gem2.3
[12:56:13] Binario: /usr/bin/gemtopbm
[12:56:14] Binario: /usr/bin/gemtopnm
[12:56:14] Binario: /usr/bin/gencat
[12:56:14] Binario: /usr/bin/genisoimage
[12:56:14] Binario: /usr/bin/geqn
[12:56:14] Binario: /usr/bin/GET
[12:56:14] Binario: /usr/bin/getconf
[12:56:14] Binario: /usr/bin/geteltorito
[12:56:14] Binario: /usr/bin/getent
[12:56:14] Binario: /usr/bin/getfacl
[12:56:14] Binario: /usr/bin/getkeycodes
[12:56:14] Binario: /usr/bin/getopt
[12:56:14] Binario: /usr/bin/gettext
[12:56:14] Binario: /usr/bin/gettextize
[12:56:14] Binario: /usr/bin/gettext.sh
[12:56:14] Binario: /usr/bin/ghostscript
[12:56:14] Binario: /usr/bin/gifmaker
[12:56:14] Binario: /usr/bin/giftopnm
[12:56:14] Binario: /usr/bin/ginstall-info
[12:56:14] Binario: /usr/bin/gio-querymodules
[12:56:14] Binario: /usr/bin/gipddecode
[12:56:14] Binario: /usr/bin/git
[12:56:14] Binario: /usr/bin/git-receive-pack
[12:56:14] Binario: /usr/bin/git-shell
[12:56:14] Binario: /usr/bin/git-upload-archive
[12:56:14] Binario: /usr/bin/git-upload-pack
[12:56:14] Binario: /usr/bin/gkbd-keyboard-display
[12:56:14] Binario: /usr/bin/glib-compile-resources
[12:56:14] Binario: /usr/bin/glib-compile-schemas
[12:56:14] Binario: /usr/bin/gnome-calculator
[12:56:14] Binario: /usr/bin/gnome-calendar
[12:56:14] Binario: /usr/bin/gnome-character-map
[12:56:14] Binario: /usr/bin/gnome-disk-image-mounter
[12:56:14] Binario: /usr/bin/gnome-disks
[12:56:14] Binario: /usr/bin/gnome-file-share-properties
[12:56:14] Binario: /usr/bin/gnome-font-viewer
[12:56:14] Binario: /usr/bin/gnome-help
[12:56:14] Binario: /usr/bin/gnome-keyring
[12:56:14] Binario: /usr/bin/gnome-keyring-3
[12:56:14] Binario: /usr/bin/gnome-keyring-daemon
[12:56:14] Binario: /usr/bin/gnome-language-selector
[12:56:14] Binario: /usr/bin/gnome-power-statistics
[12:56:14] Binario: /usr/bin/gnome-screensaver
[12:56:14] Binario: /usr/bin/gnome-screensaver-command
[12:56:14] Binario: /usr/bin/gnome-screenshot
[12:56:14] Binario: /usr/bin/gnome-session
[12:56:14] Binario: /usr/bin/gnome-session-inhibit
[12:56:14] Binario: /usr/bin/gnome-session-properties
[12:56:14] Binario: /usr/bin/gnome-session-quit
[12:56:14] Binario: /usr/bin/gnome-software
[12:56:14] Binario: /usr/bin/gnome-system-log
[12:56:14] Binario: /usr/bin/gnome-system-log-pkexec
[12:56:14] Binario: /usr/bin/gnome-system-monitor
[12:56:14] Binario: /usr/bin/gnome-terminal
[12:56:14] Binario: /usr/bin/gnome-terminal.real
[12:56:14] Binario: /usr/bin/gnome-terminal.wrapper
[12:56:14] Binario: /usr/bin/gnome-text-editor
[12:56:14] Binario: /usr/bin/gnome-thumbnail-font
[12:56:14] Binario: /usr/bin/gnome-www-browser
[12:56:14] Binario: /usr/bin/gold
[12:56:14] Binario: /usr/bin/gouldtoppm
[12:56:14] Binario: /usr/bin/gpasswd
[12:56:14] Binario: /usr/bin/gpg
[12:56:14] Binario: /usr/bin/gpg2
[12:56:14] Binario: /usr/bin/gpg-agent
[12:56:14] Binario: /usr/bin/gpgconf
[12:56:14] Binario: /usr/bin/gpg-connect-agent
[12:56:14] Binario: /usr/bin/gpgparsemail
[12:56:14] Binario: /usr/bin/gpgsplit
[12:56:14] Binario: /usr/bin/gpgv
[12:56:14] Binario: /usr/bin/gpg-zip
[12:56:14] Binario: /usr/bin/gpic
[12:56:14] Binario: /usr/bin/gprof
[12:56:14] Binario: /usr/bin/gpu-manager
[12:56:14] Binario: /usr/bin/grepdiff
[12:56:14] Binario: /usr/bin/gresource
[12:56:14] Binario: /usr/bin/groff
[12:56:14] Binario: /usr/bin/grog
[12:56:14] Binario: /usr/bin/grops
[12:56:14] Binario: /usr/bin/grotty
[12:56:14] Binario: /usr/bin/groups
[12:56:14] Binario: /usr/bin/grub-editenv
[12:56:14] Binario: /usr/bin/grub-file
[12:56:14] Binario: /usr/bin/grub-fstest
[12:56:14] Binario: /usr/bin/grub-glue-efi
[12:56:14] Binario: /usr/bin/grub-kbdcomp
[12:56:14] Binario: /usr/bin/grub-menulst2cfg
[12:56:14] Binario: /usr/bin/grub-mkfont
[12:56:14] Binario: /usr/bin/grub-mkimage
[12:56:14] Binario: /usr/bin/grub-mklayout
[12:56:14] Binario: /usr/bin/grub-mknetdir
[12:56:14] Binario: /usr/bin/grub-mkpasswd-pbkdf2
[12:56:14] Binario: /usr/bin/grub-mkrelpath
[12:56:14] Binario: /usr/bin/grub-mkrescue
[12:56:14] Binario: /usr/bin/grub-mkstandalone
[12:56:14] Binario: /usr/bin/grub-mount
[12:56:14] Binario: /usr/bin/grub-ntldr-img
[12:56:14] Binario: /usr/bin/grub-render-label
[12:56:14] Binario: /usr/bin/grub-script-check
[12:56:14] Binario: /usr/bin/grub-syslinux2cfg
[12:56:14] Binario: /usr/bin/gs
[12:56:14] Binario: /usr/bin/gsbj
[12:56:14] Binario: /usr/bin/gsdj
[12:56:14] Binario: /usr/bin/gsdj500
[12:56:14] Binario: /usr/bin/gsettings
[12:56:14] Binario: /usr/bin/gsettings-data-convert
[12:56:14] Binario: /usr/bin/gsettings-schema-convert
[12:56:14] Binario: /usr/bin/gslj
[12:56:14] Binario: /usr/bin/gslp
[12:56:14] Binario: /usr/bin/gsnd
[12:56:14] Binario: /usr/bin/gst-device-monitor-1.0
[12:56:14] Binario: /usr/bin/gst-discoverer-1.0
[12:56:14] Binario: /usr/bin/gst-inspect-1.0
[12:56:14] Binario: /usr/bin/gst-install
[12:56:14] Binario: /usr/bin/gst-launch-1.0
[12:56:14] Binario: /usr/bin/gst-play-1.0
[12:56:14] Binario: /usr/bin/gstreamer-codec-install
[12:56:14] Binario: /usr/bin/gst-typefind-1.0
[12:56:14] Binario: /usr/bin/gtbl
[12:56:14] Binario: /usr/bin/gtf
[12:56:14] Binario: /usr/bin/gtk-builder-tool
[12:56:14] Binario: /usr/bin/gtk-launch
[12:56:14] Binario: /usr/bin/gtk-update-icon-cache
[12:56:14] Binario: /usr/bin/gtk-update-icon-cache-3.0
[12:56:14] Binario: /usr/bin/gtk-window-decorator
[12:56:14] Binario: /usr/bin/gucharmap
[12:56:14] Binario: /usr/bin/gufw
[12:56:14] Binario: /usr/bin/gufw-pkexec
[12:56:14] Binario: /usr/bin/gvfs-cat
[12:56:14] Binario: /usr/bin/gvfs-copy
[12:56:14] Binario: /usr/bin/gvfs-info
[12:56:14] Binario: /usr/bin/gvfs-less
[12:56:14] Binario: /usr/bin/gvfs-ls
[12:56:14] Binario: /usr/bin/gvfs-mime
[12:56:14] Binario: /usr/bin/gvfs-mkdir
[12:56:14] Binario: /usr/bin/gvfs-monitor-dir
[12:56:14] Binario: /usr/bin/gvfs-monitor-file
[12:56:14] Binario: /usr/bin/gvfs-mount
[12:56:14] Binario: /usr/bin/gvfs-move
[12:56:14] Binario: /usr/bin/gvfs-open
[12:56:14] Binario: /usr/bin/gvfs-rename
[12:56:14] Binario: /usr/bin/gvfs-rm
[12:56:14] Binario: /usr/bin/gvfs-save
[12:56:14] Binario: /usr/bin/gvfs-set-attribute
[12:56:14] Binario: /usr/bin/gvfs-trash
[12:56:14] Binario: /usr/bin/gvfs-tree
[12:56:14] Binario: /usr/bin/h2ph
[12:56:14] Binario: /usr/bin/h2xs
[12:56:14] Binario: /usr/bin/hardening-check
[12:56:14] Binario: /usr/bin/hbpldecode
[12:56:14] Binario: /usr/bin/hciattach
[12:56:14] Binario: /usr/bin/hcitool
[12:56:14] Binario: /usr/bin/hd
[12:56:14] Binario: /usr/bin/head
[12:56:14] Binario: /usr/bin/HEAD
[12:56:14] Binario: /usr/bin/helpztags
[12:56:14] Binario: /usr/bin/hex2hcd
[12:56:14] Binario: /usr/bin/hexdump
[12:56:14] Binario: /usr/bin/hipercdecode
[12:56:14] Binario: /usr/bin/hipstopgm
[12:56:14] Binario: /usr/bin/host
[12:56:14] Binario: /usr/bin/hostid
[12:56:14] Binario: /usr/bin/hostnamectl
[12:56:14] Binario: /usr/bin/hp-align
[12:56:14] Binario: /usr/bin/hp-check
[12:56:14] Binario: /usr/bin/hp-clean
[12:56:14] Binario: /usr/bin/hp-colorcal
[12:56:14] Binario: /usr/bin/hp-config_usb_printer
[12:56:14] Binario: /usr/bin/hp-doctor
[12:56:14] Binario: /usr/bin/hp-firmware
[12:56:14] Binario: /usr/bin/hp-info
[12:56:14] Binario: /usr/bin/hp-levels
[12:56:14] Binario: /usr/bin/hp-logcapture
[12:56:14] Binario: /usr/bin/hp-makeuri
[12:56:14] Binario: /usr/bin/hp-pkservice
[12:56:14] Binario: /usr/bin/hp-plugin
[12:56:14] Binario: /usr/bin/hp-plugin-ubuntu
[12:56:14] Binario: /usr/bin/hp-probe
[12:56:14] Binario: /usr/bin/hp-query
[12:56:14] Binario: /usr/bin/hp-scan
[12:56:14] Binario: /usr/bin/hp-setup
[12:56:14] Binario: /usr/bin/hp-testpage
[12:56:14] Binario: /usr/bin/hp-timedate
[12:56:14] Binario: /usr/bin/i386
[12:56:14] Binario: /usr/bin/i686-linux-gnu-pkg-config
[12:56:14] Binario: /usr/bin/ibus
[12:56:14] Binario: /usr/bin/ibus-daemon
[12:56:14] Binario: /usr/bin/ibus-setup
[12:56:14] Binario: /usr/bin/ibus-table-createdb
[12:56:14] Binario: /usr/bin/iceauth
[12:56:14] Binario: /usr/bin/ico
[12:56:14] Binario: /usr/bin/icontopbm
[12:56:14] Binario: /usr/bin/iconv
[12:56:14] Binario: /usr/bin/id
[12:56:14] Binario: /usr/bin/identify
[12:56:14] Binario: /usr/bin/identify-im6
[12:56:14] Binario: /usr/bin/iecset
[12:56:14] Binario: /usr/bin/igt_stats
[12:56:14] Binario: /usr/bin/ijs_pxljr
[12:56:14] Binario: /usr/bin/ilbmtoppm
[12:56:14] Binario: /usr/bin/imagetops
[12:56:14] Binario: /usr/bin/im-config
[12:56:14] Binario: /usr/bin/imgtoppm
[12:56:14] Binario: /usr/bin/im-launch
[12:56:14] Binario: /usr/bin/import
[12:56:14] Binario: /usr/bin/import-im6
[12:56:14] Binario: /usr/bin/info
[12:56:14] Binario: /usr/bin/infobrowser
[12:56:14] Binario: /usr/bin/infocmp
[12:56:14] Binario: /usr/bin/infotocap
[12:56:14] Binario: /usr/bin/init-checkconf
[12:56:14] Binario: /usr/bin/initctl2dot
[12:56:14] Binario: /usr/bin/inputattach
[12:56:14] Binario: /usr/bin/install
[12:56:14] Binario: /usr/bin/install-info
[12:56:14] Binario: /usr/bin/install-printerdriver
[12:56:14] Binario: /usr/bin/instmodsh
[12:56:14] Binario: /usr/bin/intel_aubdump
[12:56:14] Binario: /usr/bin/intel_audio_dump
[12:56:14] Binario: /usr/bin/intel_backlight
[12:56:14] Binario: /usr/bin/intel_bios_dumper
[12:56:14] Binario: /usr/bin/intel_bios_reader
[12:56:14] Binario: /usr/bin/intel_display_crc
[12:56:14] Binario: /usr/bin/intel_display_poller
[12:56:14] Binario: /usr/bin/intel_dump_decode
[12:56:14] Binario: /usr/bin/intel_error_decode
[12:56:14] Binario: /usr/bin/intel_firmware_decode
[12:56:14] Binario: /usr/bin/intel_forcewaked
[12:56:14] Binario: /usr/bin/intel_framebuffer_dump
[12:56:14] Binario: /usr/bin/intel-gen4asm
[12:56:14] Binario: /usr/bin/intel-gen4disasm
[12:56:14] Binario: /usr/bin/intel_gpu_abrt
[12:56:14] Binario: /usr/bin/intel_gpu_frequency
[12:56:14] Binario: /usr/bin/intel-gpu-overlay
[12:56:14] Binario: /usr/bin/intel_gpu_time
[12:56:14] Binario: /usr/bin/intel_gpu_top
[12:56:14] Binario: /usr/bin/intel_gtt
[12:56:14] Binario: /usr/bin/intel_infoframes
[12:56:14] Binario: /usr/bin/intel_l3_parity
[12:56:14] Binario: /usr/bin/intel_lid
[12:56:14] Binario: /usr/bin/intel_opregion_decode
[12:56:14] Binario: /usr/bin/intel_panel_fitter
[12:56:14] Binario: /usr/bin/intel_perf_counters
[12:56:14] Binario: /usr/bin/intel_reg
[12:56:14] Binario: /usr/bin/intel_reg_checker
[12:56:14] Binario: /usr/bin/intel_residency
[12:56:14] Binario: /usr/bin/intel_sprite_on
[12:56:14] Binario: /usr/bin/intel_stepping
[12:56:14] Binario: /usr/bin/intel-virtual-output
[12:56:14] Binario: /usr/bin/intel_watermark
[12:56:14] Binario: /usr/bin/interdiff
[12:56:14] Binario: /usr/bin/ionice
[12:56:14] Binario: /usr/bin/ipcmk
[12:56:14] Binario: /usr/bin/ipcrm
[12:56:14] Binario: /usr/bin/ipcs
[12:56:14] Binario: /usr/bin/ipod-read-sysinfo-extended
[12:56:14] Binario: /usr/bin/ipod-time-sync
[12:56:14] Binario: /usr/bin/iptables-xml
[12:56:14] Binario: /usr/bin/irb
[12:56:14] Binario: /usr/bin/irb2.3
[12:56:14] Binario: /usr/bin/ischroot
[12:56:14] Binario: /usr/bin/isdv4-serial-debugger
[12:56:14] Binario: /usr/bin/isdv4-serial-inputattach
[12:56:14] Binario: /usr/bin/isodump
[12:56:14] Binario: /usr/bin/isoinfo
[12:56:14] Binario: /usr/bin/isovfy
[12:56:14] Binario: /usr/bin/ispell-wrapper
[12:56:14] Binario: /usr/bin/join
[12:56:14] Binario: /usr/bin/jpegtopnm
[12:56:14] Binario: /usr/bin/jpgicc
[12:56:14] Binario: /usr/bin/json_pp
[12:56:14] Binario: /usr/bin/jwt3
[12:56:14] Binario: /usr/bin/kbdinfo
[12:56:14] Binario: /usr/bin/kbxutil
[12:56:14] Binario: /usr/bin/kerneloops-submit
[12:56:14] Binario: /usr/bin/killall
[12:56:14] Binario: /usr/bin/kmodsign
[12:56:14] Binario: /usr/bin/koi8rxterm
[12:56:14] Binario: /usr/bin/l2ping
[12:56:14] Binario: /usr/bin/l2test
[12:56:14] Binario: /usr/bin/last
[12:56:14] Binario: /usr/bin/lastb
[12:56:14] Binario: /usr/bin/lastlog
[12:56:14] Binario: /usr/bin/lavadecode
[12:56:14] Binario: /usr/bin/lcf
[12:56:14] Binario: /usr/bin/lconvert
[12:56:14] Binario: /usr/bin/ld
[12:56:14] Binario: /usr/bin/ld.bfd
[12:56:14] Binario: /usr/bin/ldd
[12:56:14] Binario: /usr/bin/ld.gold
[12:56:14] Binario: /usr/bin/leaftoppm
[12:56:14] Binario: /usr/bin/less
[12:56:14] Binario: /usr/bin/lessecho
[12:56:14] Binario: /usr/bin/lessfile
[12:56:14] Binario: /usr/bin/lesskey
[12:56:14] Binario: /usr/bin/lesspipe
[12:56:14] Binario: /usr/bin/lexgrog
[12:56:14] Binario: /usr/bin/libnetcfg
[12:56:14] Binario: /usr/bin/libreoffice
[12:56:14] Binario: /usr/bin/libwacom-list-local-devices
[12:56:14] Binario: /usr/bin/line
[12:56:14] Binario: /usr/bin/linguist
[12:56:14] Binario: /usr/bin/link
[12:56:14] Binario: /usr/bin/linkicc
[12:56:14] Binario: /usr/bin/lintian
[12:56:14] Binario: /usr/bin/lintian-info
[12:56:14] Binario: /usr/bin/lintian-lab-tool
[12:56:14] Binario: /usr/bin/linux32
[12:56:14] Binario: /usr/bin/linux64
[12:56:14] Binario: /usr/bin/linux-boot-prober
[12:56:14] Binario: /usr/bin/linux-check-removal
[12:56:14] Binario: /usr/bin/linux-update-symlinks
[12:56:14] Binario: /usr/bin/linux-version
[12:56:14] Binario: /usr/bin/lispmtopgm
[12:56:14] Binario: /usr/bin/listres
[12:56:14] Binario: /usr/bin/lnstat
[12:56:14] Binario: /usr/bin/loadkeys
[12:56:14] Binario: /usr/bin/loadunimap
[12:56:14] Binario: /usr/bin/localc
[12:56:14] Binario: /usr/bin/locale
[12:56:14] Binario: /usr/bin/localectl
[12:56:14] Binario: /usr/bin/localedef
[12:56:14] Binario: /usr/bin/locate
[12:56:14] Binario: /usr/bin/lodraw
[12:56:14] Binario: /usr/bin/loffice
[12:56:14] Binario: /usr/bin/lofromtemplate
[12:56:14] Binario: /usr/bin/logger
[12:56:14] Binario: /usr/bin/logname
[12:56:14] Binario: /usr/bin/loimpress
[12:56:14] Binario: /usr/bin/lomath
[12:56:14] Binario: /usr/bin/look
[12:56:14] Binario: /usr/bin/lorder
[12:56:14] Binario: /usr/bin/loweb
[12:56:14] Binario: /usr/bin/lowriter
[12:56:14] Binario: /usr/bin/lp
[12:56:14] Binario: /usr/bin/lpoptions
[12:56:14] Binario: /usr/bin/lpq
[12:56:14] Binario: /usr/bin/lpr
[12:56:14] Binario: /usr/bin/lprm
[12:56:14] Binario: /usr/bin/lp_solve
[12:56:14] Binario: /usr/bin/lpstat
[12:56:14] Binario: /usr/bin/lrelease
[12:56:14] Binario: /usr/bin/lsattr
[12:56:14] Binario: /usr/bin/lsb_release
[12:56:14] Binario: /usr/bin/lscpu
[12:56:14] Binario: /usr/bin/lsdiff
[12:56:14] Binario: /usr/bin/lshw
[12:56:14] Binario: /usr/bin/lsinitramfs
[12:56:14] Binario: /usr/bin/lsipc
[12:56:14] Binario: /usr/bin/lslocks
[12:56:14] Binario: /usr/bin/lslogins
[12:56:14] Binario: /usr/bin/lsof
[12:56:14] Binario: /usr/bin/lspci
[12:56:14] Binario: /usr/bin/lspgpot
[12:56:14] Binario: /usr/bin/lsusb
[12:56:14] Binario: /usr/bin/ltrace
[12:56:14] Binario: /usr/bin/luit
[12:56:14] Binario: /usr/bin/lupdate
[12:56:14] Binario: /usr/bin/lwp-download
[12:56:14] Binario: /usr/bin/lwp-dump
[12:56:14] Binario: /usr/bin/lwp-mirror
[12:56:14] Binario: /usr/bin/lwp-request
[12:56:14] Binario: /usr/bin/lxterm
[12:56:14] Binario: /usr/bin/lz
[12:56:14] Binario: /usr/bin/lzcat
[12:56:14] Binario: /usr/bin/lzcmp
[12:56:14] Binario: /usr/bin/lzdiff
[12:56:14] Binario: /usr/bin/lzegrep
[12:56:14] Binario: /usr/bin/lzfgrep
[12:56:14] Binario: /usr/bin/lzgrep
[12:56:14] Binario: /usr/bin/lzless
[12:56:14] Binario: /usr/bin/lzma
[12:56:14] Binario: /usr/bin/lzmainfo
[12:56:14] Binario: /usr/bin/lzmore
[12:56:14] Binario: /usr/bin/macptopbm
[12:56:14] Binario: /usr/bin/mail
[12:56:14] Binario: /usr/bin/Mail
[12:56:14] Binario: /usr/bin/mailq
[12:56:14] Binario: /usr/bin/mailx
[12:56:14] Binario: /usr/bin/make
[12:56:14] Binario: /usr/bin/make-first-existing-target
[12:56:14] Binario: /usr/bin/man
[12:56:14] Binario: /usr/bin/mandb
[12:56:14] Binario: /usr/bin/manpath
[12:56:14] Binario: /usr/bin/mapscrn
[12:56:14] Binario: /usr/bin/mattrib
[12:56:14] Binario: /usr/bin/mawk
[12:56:14] Binario: /usr/bin/mbadblocks
[12:56:14] Binario: /usr/bin/mcat
[12:56:14] Binario: /usr/bin/mcd
[12:56:14] Binario: /usr/bin/mcheck
[12:56:14] Binario: /usr/bin/mclasserase
[12:56:14] Binario: /usr/bin/mcomp
[12:56:14] Binario: /usr/bin/mcookie
[12:56:14] Binario: /usr/bin/mcopy
[12:56:14] Binario: /usr/bin/md5sum
[12:56:14] Binario: /usr/bin/md5sum.textutils
[12:56:14] Binario: /usr/bin/mdatopbm
[12:56:14] Binario: /usr/bin/mdel
[12:56:14] Binario: /usr/bin/mdeltree
[12:56:14] Binario: /usr/bin/mdir
[12:56:14] Binario: /usr/bin/mdu
[12:56:14] Binario: /usr/bin/mesg
[12:56:14] Binario: /usr/bin/mformat
[12:56:14] Binario: /usr/bin/mgrtopbm
[12:56:14] Binario: /usr/bin/mimeopen
[12:56:14] Binario: /usr/bin/mimetype
[12:56:14] Binario: /usr/bin/min12xxw
[12:56:14] Binario: /usr/bin/minfo
[12:56:14] Binario: /usr/bin/mkfifo
[12:56:14] Binario: /usr/bin/mkfontdir
[12:56:14] Binario: /usr/bin/mkfontscale
[12:56:14] Binario: /usr/bin/mkisofs
[12:56:14] Binario: /usr/bin/mkmanifest
[12:56:14] Binario: /usr/bin/mk_modmap
[12:56:14] Binario: /usr/bin/mksquashfs
[12:56:14] Binario: /usr/bin/mkzftree
[12:56:14] Binario: /usr/bin/mlabel
[12:56:14] Binario: /usr/bin/mlocate
[12:56:14] Binario: /usr/bin/mmcli
[12:56:14] Binario: /usr/bin/mmd
[12:56:14] Binario: /usr/bin/mmount
[12:56:14] Binario: /usr/bin/mmove
[12:56:14] Binario: /usr/bin/moc
[12:56:14] Binario: /usr/bin/mogrify
[12:56:14] Binario: /usr/bin/mogrify-im6
[12:56:14] Binario: /usr/bin/montage
[12:56:14] Binario: /usr/bin/montage-im6
[12:56:14] Binario: /usr/bin/mousetweaks
[12:56:14] Binario: /usr/bin/mpartition
[12:56:14] Binario: /usr/bin/mrd
[12:56:14] Binario: /usr/bin/mren
[12:56:14] Binario: /usr/bin/mscompress
[12:56:14] Binario: /usr/bin/msexpand
[12:56:14] Binario: /usr/bin/msgattrib
[12:56:14] Binario: /usr/bin/msgcat
[12:56:14] Binario: /usr/bin/msgcmp
[12:56:14] Binario: /usr/bin/msgcomm
[12:56:14] Binario: /usr/bin/msgconv
[12:56:14] Binario: /usr/bin/msgen
[12:56:14] Binario: /usr/bin/msgexec
[12:56:14] Binario: /usr/bin/msgfilter
[12:56:14] Binario: /usr/bin/msgfmt
[12:56:14] Binario: /usr/bin/msggrep
[12:56:14] Binario: /usr/bin/msginit
[12:56:14] Binario: /usr/bin/msgmerge
[12:56:14] Binario: /usr/bin/msgunfmt
[12:56:14] Binario: /usr/bin/msguniq
[12:56:14] Binario: /usr/bin/mshortname
[12:56:14] Binario: /usr/bin/mshowfat
[12:56:14] Binario: /usr/bin/mtools
[12:56:14] Binario: /usr/bin/mtoolstest
[12:56:14] Binario: /usr/bin/mtr
[12:56:14] Binario: /usr/bin/mtrace
[12:56:14] Binario: /usr/bin/mtvtoppm
[12:56:15] Binario: /usr/bin/mtype
[12:56:15] Binario: /usr/bin/mxtar
[12:56:15] Binario: /usr/bin/mzip
[12:56:15] Binario: /usr/bin/namei
[12:56:15] Binario: /usr/bin/nautilus
[12:56:15] Binario: /usr/bin/nautilus-autorun-software
[12:56:15] Binario: /usr/bin/nautilus-connect-server
[12:56:15] Binario: /usr/bin/nautilus-sendto
[12:56:15] Binario: /usr/bin/nawk
[12:56:15] Binario: /usr/bin/ncal
[12:56:15] Binario: /usr/bin/neotoppm
[12:56:15] Binario: /usr/bin/neqn
[12:56:15] Binario: /usr/bin/netkit-ftp
[12:56:15] Binario: /usr/bin/newaliases
[12:56:15] Binario: /usr/bin/newgrp
[12:56:15] Binario: /usr/bin/ngettext
[12:56:15] Binario: /usr/bin/nice
[12:56:15] Binario: /usr/bin/nl
[12:56:15] Binario: /usr/bin/nm
[12:56:15] Binario: /usr/bin/nm-applet
[12:56:15] Binario: /usr/bin/nmcli
[12:56:15] Binario: /usr/bin/nm-connection-editor
[12:56:15] Binario: /usr/bin/nm-online
[12:56:15] Binario: /usr/bin/nmtui
[12:56:15] Binario: /usr/bin/nmtui-connect
[12:56:15] Binario: /usr/bin/nmtui-edit
[12:56:15] Binario: /usr/bin/nmtui-hostname
[12:56:15] Binario: /usr/bin/nohup
[12:56:15] Binario: /usr/bin/notify-send
[12:56:15] Binario: /usr/bin/nproc
[12:56:15] Binario: /usr/bin/nroff
[12:56:15] Binario: /usr/bin/nsenter
[12:56:15] Binario: /usr/bin/nslookup
[12:56:15] Binario: /usr/bin/nstat
[12:56:15] Binario: /usr/bin/nsupdate
[12:56:15] Binario: /usr/bin/ntfsdecrypt
[12:56:15] Binario: /usr/bin/numfmt
[12:56:15] Binario: /usr/bin/nvidia-detector
[12:56:15] Binario: /usr/bin/oakdecode
[12:56:15] Binario: /usr/bin/obexctl
[12:56:15] Binario: /usr/bin/objcopy
[12:56:15] Binario: /usr/bin/objdump
[12:56:15] Binario: /usr/bin/oclock
[12:56:15] Binario: /usr/bin/od
[12:56:15] Binario: /usr/bin/on_ac_power
[12:56:15] Binario: /usr/bin/onboard
[12:56:15] Binario: /usr/bin/onboard-settings
[12:56:15] Binario: /usr/bin/online-accounts-preferences
[12:56:15] Binario: /usr/bin/openssl
[12:56:15] Binario: /usr/bin/opldecode
[12:56:15] Binario: /usr/bin/orca
[12:56:15] Binario: /usr/bin/orca-dm-wrapper
[12:56:15] Binario: /usr/bin/os-prober
[12:56:15] Binario: /usr/bin/p11-kit
[12:56:15] Binario: /usr/bin/pacat
[12:56:15] Binario: /usr/bin/pacmd
[12:56:15] Binario: /usr/bin/pactl
[12:56:15] Binario: /usr/bin/padsp
[12:56:15] Binario: /usr/bin/pager
[12:56:15] Binario: /usr/bin/painter
[12:56:15] Binario: /usr/bin/palmtopnm
[12:56:15] Binario: /usr/bin/pamcut
[12:56:15] Binario: /usr/bin/pamdeinterlace
[12:56:15] Binario: /usr/bin/pamdice
[12:56:15] Binario: /usr/bin/pamfile
[12:56:15] Binario: /usr/bin/pamoil
[12:56:15] Binario: /usr/bin/pamon
[12:56:15] Binario: /usr/bin/pamstack
[12:56:15] Binario: /usr/bin/pamstretch
[12:56:15] Binario: /usr/bin/pamstretch-gen
[12:56:15] Binario: /usr/bin/paperconf
[12:56:15] Binario: /usr/bin/paplay
[12:56:15] Binario: /usr/bin/parec
[12:56:15] Binario: /usr/bin/parecord
[12:56:15] Binario: /usr/bin/parsechangelog
[12:56:15] Binario: /usr/bin/partx
[12:56:15] Binario: /usr/bin/passwd
[12:56:15] Binario: /usr/bin/paste
[12:56:15] Binario: /usr/bin/pasuspender
[12:56:15] Binario: /usr/bin/patch
[12:56:15] Binario: /usr/bin/pathchk
[12:56:15] Binario: /usr/bin/pax11publish
[12:56:15] Binario: /usr/bin/pbmclean
[12:56:15] Binario: /usr/bin/pbmlife
[12:56:15] Binario: /usr/bin/pbmmake
[12:56:15] Binario: /usr/bin/pbmmask
[12:56:15] Binario: /usr/bin/pbmpage
[12:56:15] Binario: /usr/bin/pbmpscale
[12:56:15] Binario: /usr/bin/pbmreduce
[12:56:15] Binario: /usr/bin/pbmtext
[12:56:15] Binario: /usr/bin/pbmtextps
[12:56:15] Binario: /usr/bin/pbmto10x
[12:56:15] Binario: /usr/bin/pbmtoascii
[12:56:15] Binario: /usr/bin/pbmtoatk
[12:56:15] Binario: /usr/bin/pbmtobbnbg
[12:56:15] Binario: /usr/bin/pbmtocmuwm
[12:56:15] Binario: /usr/bin/pbmtoepsi
[12:56:15] Binario: /usr/bin/pbmtoepson
[12:56:15] Binario: /usr/bin/pbmtog3
[12:56:15] Binario: /usr/bin/pbmtogem
[12:56:15] Binario: /usr/bin/pbmtogo
[12:56:15] Binario: /usr/bin/pbmtoicon
[12:56:15] Binario: /usr/bin/pbmtolj
[12:56:15] Binario: /usr/bin/pbmtomacp
[12:56:15] Binario: /usr/bin/pbmtomda
[12:56:15] Binario: /usr/bin/pbmtomgr
[12:56:15] Binario: /usr/bin/pbmtonokia
[12:56:15] Binario: /usr/bin/pbmtopgm
[12:56:15] Binario: /usr/bin/pbmtopi3
[12:56:15] Binario: /usr/bin/pbmtoplot
[12:56:15] Binario: /usr/bin/pbmtoppa
[12:56:15] Binario: /usr/bin/pbmtopsg3
[12:56:15] Binario: /usr/bin/pbmtoptx
[12:56:15] Binario: /usr/bin/pbmtowbmp
[12:56:15] Binario: /usr/bin/pbmtox10bm
[12:56:15] Binario: /usr/bin/pbmtoxbm
[12:56:15] Binario: /usr/bin/pbmtoybm
[12:56:15] Binario: /usr/bin/pbmtozinc
[12:56:15] Binario: /usr/bin/pbmupc
[12:56:15] Binario: /usr/bin/pcimodules
[12:56:15] Binario: /usr/bin/pcxtoppm
[12:56:15] Binario: /usr/bin/pdb
[12:56:15] Binario: /usr/bin/pdb2.7
[12:56:15] Binario: /usr/bin/pdb3
[12:56:15] Binario: /usr/bin/pdb3.5
[12:56:15] Binario: /usr/bin/pdf2dsc
[12:56:15] Binario: /usr/bin/pdf2ps
[12:56:15] Binario: /usr/bin/pdfdetach
[12:56:15] Binario: /usr/bin/pdffonts
[12:56:15] Binario: /usr/bin/pdfimages
[12:56:15] Binario: /usr/bin/pdfinfo
[12:56:15] Binario: /usr/bin/pdfseparate
[12:56:15] Binario: /usr/bin/pdftocairo
[12:56:15] Binario: /usr/bin/pdftohtml
[12:56:15] Binario: /usr/bin/pdftoppm
[12:56:15] Binario: /usr/bin/pdftops
[12:56:15] Binario: /usr/bin/pdftotext
[12:56:15] Binario: /usr/bin/pdfunite
[12:56:15] Binario: /usr/bin/peekfd
[12:56:15] Binario: /usr/bin/perl
[12:56:15] Binario: /usr/bin/perl5.22.1
[12:56:15] Binario: /usr/bin/perl5.22-x86_64-linux-gnu
[12:56:15] Binario: /usr/bin/perlbug
[12:56:15] Binario: /usr/bin/perldoc
[12:56:15] Binario: /usr/bin/perlivp
[12:56:15] Binario: /usr/bin/perlthanks
[12:56:15] Binario: /usr/bin/pf2afm
[12:56:15] Binario: /usr/bin/pfbtopfa
[12:56:15] Binario: /usr/bin/pftp
[12:56:15] Binario: /usr/bin/pg
[12:56:15] Binario: /usr/bin/pgmbentley
[12:56:15] Binario: /usr/bin/pgmcrater
[12:56:15] Binario: /usr/bin/pgmedge
[12:56:15] Binario: /usr/bin/pgmenhance
[12:56:15] Binario: /usr/bin/pgmhist
[12:56:15] Binario: /usr/bin/pgmkernel
[12:56:15] Binario: /usr/bin/pgmnoise
[12:56:15] Binario: /usr/bin/pgmnorm
[12:56:15] Binario: /usr/bin/pgmoil
[12:56:15] Binario: /usr/bin/pgmramp
[12:56:15] Binario: /usr/bin/pgmslice
[12:56:15] Binario: /usr/bin/pgmtexture
[12:56:15] Binario: /usr/bin/pgmtofs
[12:56:15] Binario: /usr/bin/pgmtolispm
[12:56:15] Binario: /usr/bin/pgmtopbm
[12:56:15] Binario: /usr/bin/pgmtoppm
[12:56:15] Binario: /usr/bin/pgrep
[12:56:15] Binario: /usr/bin/pi1toppm
[12:56:15] Binario: /usr/bin/pi3topbm
[12:56:15] Binario: /usr/bin/pic
[12:56:15] Binario: /usr/bin/pico
[12:56:15] Binario: /usr/bin/piconv
[12:56:15] Binario: /usr/bin/pilconvert
[12:56:15] Binario: /usr/bin/pildriver
[12:56:15] Binario: /usr/bin/pilfile
[12:56:15] Binario: /usr/bin/pilfont
[12:56:15] Binario: /usr/bin/pilprint
[12:56:15] Binario: /usr/bin/pinentry
[12:56:15] Binario: /usr/bin/pinentry-curses
[12:56:15] Binario: /usr/bin/pinentry-gnome3
[12:56:15] Binario: /usr/bin/pinentry-x11
[12:56:15] Binario: /usr/bin/pinky
[12:56:15] Binario: /usr/bin/pixeltool
[12:56:15] Binario: /usr/bin/pjtoppm
[12:56:15] Binario: /usr/bin/pkaction
[12:56:15] Binario: /usr/bin/pkcheck
[12:56:15] Binario: /usr/bin/pkexec
[12:56:15] Binario: /usr/bin/pkg-config
[12:56:15] Binario: /usr/bin/pkill
[12:56:15] Binario: /usr/bin/pkttyagent
[12:56:15] Binario: /usr/bin/pl2pm
[12:56:15] Binario: /usr/bin/plainbox-qml-shell
[12:56:15] Binario: /usr/bin/plainbox-trusted-launcher-1
[12:56:15] Binario: /usr/bin/player
[12:56:15] Binario: /usr/bin/pldd
[12:56:15] Binario: /usr/bin/plog
[12:56:15] Binario: /usr/bin/pmap
[12:56:15] Binario: /usr/bin/pm-is-supported
[12:56:15] Binario: /usr/bin/pngtopnm
[12:56:15] Binario: /usr/bin/pnm2ppa
[12:56:15] Binario: /usr/bin/pnmalias
[12:56:15] Binario: /usr/bin/pnmarith
[12:56:15] Binario: /usr/bin/pnmcat
[12:56:15] Binario: /usr/bin/pnmcolormap
[12:56:15] Binario: /usr/bin/pnmcomp
[12:56:15] Binario: /usr/bin/pnmconvol
[12:56:15] Binario: /usr/bin/pnmcrop
[12:56:15] Binario: /usr/bin/pnmcut
[12:56:15] Binario: /usr/bin/pnmdepth
[12:56:15] Binario: /usr/bin/pnmenlarge
[12:56:15] Binario: /usr/bin/pnmfile
[12:56:15] Binario: /usr/bin/pnmflip
[12:56:15] Binario: /usr/bin/pnmgamma
[12:56:15] Binario: /usr/bin/pnmhisteq
[12:56:15] Binario: /usr/bin/pnmhistmap
[12:56:15] Binario: /usr/bin/pnmindex
[12:56:15] Binario: /usr/bin/pnminterp
[12:56:15] Binario: /usr/bin/pnminterp-gen
[12:56:15] Binario: /usr/bin/pnminvert
[12:56:15] Binario: /usr/bin/pnmmargin
[12:56:15] Binario: /usr/bin/pnmmontage
[12:56:15] Binario: /usr/bin/pnmnlfilt
[12:56:15] Binario: /usr/bin/pnmnoraw
[12:56:15] Binario: /usr/bin/pnmnorm
[12:56:15] Binario: /usr/bin/pnmpad
[12:56:15] Binario: /usr/bin/pnmpaste
[12:56:15] Binario: /usr/bin/pnmpsnr
[12:56:15] Binario: /usr/bin/pnmquant
[12:56:15] Binario: /usr/bin/pnmremap
[12:56:15] Binario: /usr/bin/pnmrotate
[12:56:15] Binario: /usr/bin/pnmscale
[12:56:15] Binario: /usr/bin/pnmscalefixed
[12:56:15] Binario: /usr/bin/pnmshear
[12:56:15] Binario: /usr/bin/pnmsmooth
[12:56:15] Binario: /usr/bin/pnmsplit
[12:56:15] Binario: /usr/bin/pnmtile
[12:56:15] Binario: /usr/bin/pnmtoddif
[12:56:15] Binario: /usr/bin/pnmtofiasco
[12:56:15] Binario: /usr/bin/pnmtofits
[12:56:15] Binario: /usr/bin/pnmtojpeg
[12:56:15] Binario: /usr/bin/pnmtopalm
[12:56:15] Binario: /usr/bin/pnmtoplainpnm
[12:56:15] Binario: /usr/bin/pnmtopng
[12:56:15] Binario: /usr/bin/pnmtops
[12:56:15] Binario: /usr/bin/pnmtorast
[12:56:15] Binario: /usr/bin/pnmtorle
[12:56:15] Binario: /usr/bin/pnmtosgi
[12:56:15] Binario: /usr/bin/pnmtosir
[12:56:15] Binario: /usr/bin/pnmtotiff
[12:56:15] Binario: /usr/bin/pnmtotiffcmyk
[12:56:15] Binario: /usr/bin/pnmtoxwd
[12:56:15] Binario: /usr/bin/pod2html
[12:56:15] Binario: /usr/bin/pod2man
[12:56:15] Binario: /usr/bin/pod2text
[12:56:15] Binario: /usr/bin/pod2usage
[12:56:15] Binario: /usr/bin/podchecker
[12:56:15] Binario: /usr/bin/podselect
[12:56:15] Binario: /usr/bin/poff
[12:56:15] Binario: /usr/bin/pon
[12:56:15] Binario: /usr/bin/POST
[12:56:15] Binario: /usr/bin/ppdc
[12:56:15] Binario: /usr/bin/ppdhtml
[12:56:15] Binario: /usr/bin/ppdi
[12:56:15] Binario: /usr/bin/ppdmerge
[12:56:15] Binario: /usr/bin/ppdpo
[12:56:15] Binario: /usr/bin/pphs
[12:56:15] Binario: /usr/bin/ppm3d
[12:56:15] Binario: /usr/bin/ppmbrighten
[12:56:15] Binario: /usr/bin/ppmchange
[12:56:15] Binario: /usr/bin/ppmcie
[12:56:15] Binario: /usr/bin/ppmcolormask
[12:56:15] Binario: /usr/bin/ppmcolors
[12:56:15] Binario: /usr/bin/ppmdim
[12:56:15] Binario: /usr/bin/ppmdist
[12:56:15] Binario: /usr/bin/ppmdither
[12:56:15] Binario: /usr/bin/ppmfade
[12:56:15] Binario: /usr/bin/ppmflash
[12:56:15] Binario: /usr/bin/ppmforge
[12:56:15] Binario: /usr/bin/ppmhist
[12:56:15] Binario: /usr/bin/ppmlabel
[12:56:15] Binario: /usr/bin/ppmmake
[12:56:15] Binario: /usr/bin/ppmmix
[12:56:15] Binario: /usr/bin/ppmnorm
[12:56:15] Binario: /usr/bin/ppmntsc
[12:56:15] Binario: /usr/bin/ppmpat
[12:56:15] Binario: /usr/bin/ppmquant
[12:56:15] Binario: /usr/bin/ppmquantall
[12:56:15] Binario: /usr/bin/ppmqvga
[12:56:15] Binario: /usr/bin/ppmrainbow
[12:56:15] Binario: /usr/bin/ppmrelief
[12:56:15] Binario: /usr/bin/ppmshadow
[12:56:15] Binario: /usr/bin/ppmshift
[12:56:15] Binario: /usr/bin/ppmspread
[12:56:15] Binario: /usr/bin/ppmtoacad
[12:56:15] Binario: /usr/bin/ppmtobmp
[12:56:15] Binario: /usr/bin/ppmtoeyuv
[12:56:15] Binario: /usr/bin/ppmtogif
[12:56:15] Binario: /usr/bin/ppmtoicr
[12:56:15] Binario: /usr/bin/ppmtoilbm
[12:56:15] Binario: /usr/bin/ppmtojpeg
[12:56:15] Binario: /usr/bin/ppmtoleaf
[12:56:15] Binario: /usr/bin/ppmtolj
[12:56:15] Binario: /usr/bin/ppmtomap
[12:56:15] Binario: /usr/bin/ppmtomitsu
[12:56:15] Binario: /usr/bin/ppmtompeg
[12:56:15] Binario: /usr/bin/ppmtoneo
[12:56:15] Binario: /usr/bin/ppmtopcx
[12:56:15] Binario: /usr/bin/ppmtopgm
[12:56:15] Binario: /usr/bin/ppmtopi1
[12:56:15] Binario: /usr/bin/ppmtopict
[12:56:15] Binario: /usr/bin/ppmtopj
[12:56:15] Binario: /usr/bin/ppmtopuzz
[12:56:15] Binario: /usr/bin/ppmtorgb3
[12:56:15] Binario: /usr/bin/ppmtosixel
[12:56:15] Binario: /usr/bin/ppmtotga
[12:56:15] Binario: /usr/bin/ppmtouil
[12:56:15] Binario: /usr/bin/ppmtowinicon
[12:56:15] Binario: /usr/bin/ppmtoxpm
[12:56:15] Binario: /usr/bin/ppmtoyuv
[12:56:15] Binario: /usr/bin/ppmtoyuvsplit
[12:56:15] Binario: /usr/bin/ppmtv
[12:56:15] Binario: /usr/bin/pr
[12:56:15] Binario: /usr/bin/precat
[12:56:15] Binario: /usr/bin/preconv
[12:56:15] Binario: /usr/bin/prename
[12:56:15] Binario: /usr/bin/preunzip
[12:56:15] Binario: /usr/bin/prezip
[12:56:15] Binario: /usr/bin/prezip-bin
[12:56:15] Binario: /usr/bin/print
[12:56:15] Binario: /usr/bin/printafm
[12:56:15] Binario: /usr/bin/printenv
[12:56:15] Binario: /usr/bin/printerbanner
[12:56:15] Binario: /usr/bin/printer-profile
[12:56:15] Binario: /usr/bin/printf
[12:56:15] Binario: /usr/bin/prlimit
[12:56:15] Binario: /usr/bin/prove
[12:56:15] Binario: /usr/bin/prtstat
[12:56:15] Binario: /usr/bin/ps2ascii
[12:56:15] Binario: /usr/bin/ps2epsi
[12:56:15] Binario: /usr/bin/ps2pdf
[12:56:15] Binario: /usr/bin/ps2pdf12
[12:56:15] Binario: /usr/bin/ps2pdf13
[12:56:15] Binario: /usr/bin/ps2pdf14
[12:56:15] Binario: /usr/bin/ps2pdfwr
[12:56:15] Binario: /usr/bin/ps2ps
[12:56:15] Binario: /usr/bin/ps2ps2
[12:56:15] Binario: /usr/bin/ps2txt
[12:56:15] Binario: /usr/bin/psfaddtable
[12:56:15] Binario: /usr/bin/psfgettable
[12:56:15] Binario: /usr/bin/psfstriptable
[12:56:15] Binario: /usr/bin/psfxtable
[12:56:15] Binario: /usr/bin/psicc
[12:56:15] Binario: /usr/bin/psidtopgm
[12:56:15] Binario: /usr/bin/pstopnm
[12:56:15] Binario: /usr/bin/pstree
[12:56:15] Binario: /usr/bin/pstree.x11
[12:56:15] Binario: /usr/bin/pstruct
[12:56:15] Binario: /usr/bin/ptar
[12:56:15] Binario: /usr/bin/ptardiff
[12:56:15] Binario: /usr/bin/ptargrep
[12:56:15] Binario: /usr/bin/ptx
[12:56:15] Binario: /usr/bin/pulseaudio
[12:56:15] Binario: /usr/bin/pwdx
[12:56:15] Binario: /usr/bin/py3clean
[12:56:15] Binario: /usr/bin/py3compile
[12:56:15] Binario: /usr/bin/py3versions
[12:56:15] Binario: /usr/bin/pybuild
[12:56:15] Binario: /usr/bin/pyclean
[12:56:15] Binario: /usr/bin/pycompile
[12:56:15] Binario: /usr/bin/pydoc
[12:56:15] Binario: /usr/bin/pydoc2.7
[12:56:15] Binario: /usr/bin/pydoc3
[12:56:15] Binario: /usr/bin/pydoc3.5
[12:56:15] Binario: /usr/bin/pygettext
[12:56:15] Binario: /usr/bin/pygettext2.7
[12:56:15] Binario: /usr/bin/pygettext3
[12:56:15] Binario: /usr/bin/pygettext3.5
[12:56:15] Binario: /usr/bin/python
[12:56:15] Binario: /usr/bin/python2
[12:56:15] Binario: /usr/bin/python2.7
[12:56:15] Binario: /usr/bin/python3
[12:56:15] Binario: /usr/bin/python3.5
[12:56:15] Binario: /usr/bin/python3.5m
[12:56:15] Binario: /usr/bin/python3m
[12:56:15] Binario: /usr/bin/pyversions
[12:56:15] Binario: /usr/bin/qcollectiongenerator
[12:56:15] Binario: /usr/bin/qdbus
[12:56:15] Binario: /usr/bin/qdbuscpp2xml
[12:56:15] Binario: /usr/bin/qdbusviewer
[12:56:15] Binario: /usr/bin/qdbusxml2cpp
[12:56:15] Binario: /usr/bin/qdoc
[12:56:15] Binario: /usr/bin/qdoc3
[12:56:15] Binario: /usr/bin/qglinfo
[12:56:15] Binario: /usr/bin/qhelpconverter
[12:56:15] Binario: /usr/bin/qhelpgenerator
[12:56:15] Binario: /usr/bin/qlalr
[12:56:15] Binario: /usr/bin/qmake
[12:56:15] Binario: /usr/bin/qml
[12:56:15] Binario: /usr/bin/qml1plugindump
[12:56:15] Binario: /usr/bin/qmlbundle
[12:56:15] Binario: /usr/bin/qmleasing
[12:56:15] Binario: /usr/bin/qmlimportscanner
[12:56:15] Binario: /usr/bin/qmllint
[12:56:15] Binario: /usr/bin/qmlmin
[12:56:15] Binario: /usr/bin/qmlplugindump
[12:56:15] Binario: /usr/bin/qmlprofiler
[12:56:15] Binario: /usr/bin/qmlscene
[12:56:15] Binario: /usr/bin/qmltestrunner
[12:56:15] Binario: /usr/bin/qmlviewer
[12:56:15] Binario: /usr/bin/qpdf
[12:56:15] Binario: /usr/bin/qpdldecode
[12:56:15] Binario: /usr/bin/qrttoppm
[12:56:15] Binario: /usr/bin/qtchooser
[12:56:15] Binario: /usr/bin/qtconfig
[12:56:15] Binario: /usr/bin/qtdiag
[12:56:15] Binario: /usr/bin/qtpaths
[12:56:15] Binario: /usr/bin/quirks-handler
[12:56:15] Binario: /usr/bin/rake
[12:56:15] Binario: /usr/bin/ranlib
[12:56:15] Binario: /usr/bin/rasttopnm
[12:56:15] Binario: /usr/bin/rawtopgm
[12:56:15] Binario: /usr/bin/rawtoppm
[12:56:15] Binario: /usr/bin/rcc
[12:56:15] Binario: /usr/bin/rcp
[12:56:15] Binario: /usr/bin/rctest
[12:56:15] Binario: /usr/bin/rdoc
[12:56:15] Binario: /usr/bin/rdoc2.3
[12:56:15] Binario: /usr/bin/readelf
[12:56:15] Binario: /usr/bin/realpath
[12:56:15] Binario: /usr/bin/recode-sr-latin
[12:56:15] Binario: /usr/bin/recountdiff
[12:56:15] Binario: /usr/bin/rediff
[12:56:15] Binario: /usr/bin/remmina
[12:56:15] Binario: /usr/bin/rename
[12:56:15] Binario: /usr/bin/rename.ul
[12:56:15] Binario: /usr/bin/rendercheck
[12:56:15] Binario: /usr/bin/renice
[12:56:15] Binario: /usr/bin/reset
[12:56:15] Binario: /usr/bin/resize
[12:56:15] Binario: /usr/bin/resizecons
[12:56:15] Binario: /usr/bin/resizepart
[12:56:15] Binario: /usr/bin/rev
[12:56:15] Binario: /usr/bin/rfcomm
[12:56:15] Binario: /usr/bin/rgb3toppm
[12:56:15] Binario: /usr/bin/rgrep
[12:56:15] Binario: /usr/bin/rhythmbox
[12:56:15] Binario: /usr/bin/rhythmbox-client
[12:56:15] Binario: /usr/bin/ri
[12:56:15] Binario: /usr/bin/ri2.3
[12:56:15] Binario: /usr/bin/rkhunter
[12:56:15] Encontrado binário conhecido: rkhunter (malware scanner)
[12:56:15] Binario: /usr/bin/rletopnm
[12:56:15] Binario: /usr/bin/rlogin
[12:56:15] Binario: /usr/bin/rmail
[12:56:15] Binario: /usr/bin/routef
[12:56:15] Binario: /usr/bin/routel
[12:56:15] Binario: /usr/bin/rpcgen
[12:56:15] Binario: /usr/bin/rsh
[12:56:15] Binario: /usr/bin/rstart
[12:56:15] Binario: /usr/bin/rstartd
[12:56:15] Binario: /usr/bin/rsync
[12:56:16] Binario: /usr/bin/rtstat
[12:56:16] Binario: /usr/bin/ruby
[12:56:16] Binario: /usr/bin/ruby2.3
[12:56:16] Binario: /usr/bin/runcon
[12:56:16] Binario: /usr/bin/run-mailcap
[12:56:16] Binario: /usr/bin/run-with-aspell
[12:56:16] Binario: /usr/bin/rview
[12:56:16] Binario: /usr/bin/rvim
[12:56:16] Binario: /usr/bin/sane-find-scanner
[12:56:16] Binario: /usr/bin/savelog
[12:56:16] Binario: /usr/bin/sbattach
[12:56:16] Binario: /usr/bin/sbigtopgm
[12:56:16] Binario: /usr/bin/sbkeysync
[12:56:16] Binario: /usr/bin/sbsiglist
[12:56:16] Binario: /usr/bin/sbsign
[12:56:16] Binario: /usr/bin/sbvarsign
[12:56:16] Binario: /usr/bin/sbverify
[12:56:16] Binario: /usr/bin/scanimage
[12:56:16] Binario: /usr/bin/scp
[12:56:16] Binario: /usr/bin/scp-dbus-service
[12:56:16] Binario: /usr/bin/screendump
[12:56:16] Binario: /usr/bin/script
[12:56:16] Binario: /usr/bin/scriptreplay
[12:56:16] Binario: /usr/bin/sdiff
[12:56:16] Binario: /usr/bin/sdptool
[12:56:16] Binario: /usr/bin/seahorse
[12:56:16] Binario: /usr/bin/see
[12:56:16] Binario: /usr/bin/select-default-iwrap
[12:56:16] Binario: /usr/bin/select-editor
[12:56:16] Binario: /usr/bin/sensible-browser
[12:56:16] Binario: /usr/bin/sensible-editor
[12:56:16] Binario: /usr/bin/sensible-pager
[12:56:16] Binario: /usr/bin/seq
[12:56:16] Binario: /usr/bin/session-installer
[12:56:16] Binario: /usr/bin/session-migration
[12:56:16] Binario: /usr/bin/sessreg
[12:56:16] Binario: /usr/bin/setarch
[12:56:16] Binario: /usr/bin/setfacl
[12:56:16] Binario: /usr/bin/setkeycodes
[12:56:16] Binario: /usr/bin/setleds
[12:56:16] Binario: /usr/bin/setlogcons
[12:56:16] Binario: /usr/bin/setmetamode
[12:56:16] Binario: /usr/bin/setpci
[12:56:16] Binario: /usr/bin/setsid
[12:56:16] Binario: /usr/bin/setterm
[12:56:16] Binario: /usr/bin/setxkbmap
[12:56:16] Binario: /usr/bin/sftp
[12:56:16] Binario: /usr/bin/sg
[12:56:16] Binario: /usr/bin/sgitopnm
[12:56:16] Binario: /usr/bin/sha1sum
[12:56:16] Binario: /usr/bin/sha224sum
[12:56:16] Binario: /usr/bin/sha256sum
[12:56:16] Binario: /usr/bin/sha384sum
[12:56:16] Binario: /usr/bin/sha512sum
[12:56:16] Binario: /usr/bin/shasum
[12:56:16] Binario: /usr/bin/shotwell
[12:56:16] Binario: /usr/bin/showconsolefont
[12:56:16] Binario: /usr/bin/showkey
[12:56:16] Binario: /usr/bin/showrgb
[12:56:16] Binario: /usr/bin/shred
[12:56:16] Binario: /usr/bin/shuf
[12:56:16] Binario: /usr/bin/signond
[12:56:16] Binario: /usr/bin/signonpluginprocess
[12:56:16] Binario: /usr/bin/signon-ui
[12:56:16] Binario: /usr/bin/sigtool
[12:56:16] Binario: /usr/bin/simple-scan
[12:56:16] Binario: /usr/bin/sirtopnm
[12:56:16] Binario: /usr/bin/size
[12:56:16] Binario: /usr/bin/skill
[12:56:16] Binario: /usr/bin/slabtop
[12:56:16] Binario: /usr/bin/sldtoppm
[12:56:16] Binario: /usr/bin/slogin
[12:56:16] Binario: /usr/bin/slxdecode
[12:56:16] Binario: /usr/bin/smproxy
[12:56:16] Binario: /usr/bin/snap
[12:56:16] Binario: /usr/bin/snapctl
[12:56:16] Binario: /usr/bin/snapfuse
[12:56:16] Binario: /usr/bin/snice
[12:56:16] Binario: /usr/bin/soelim
[12:56:16] Binario: /usr/bin/soffice
[12:56:16] Binario: /usr/bin/software-properties-gtk
[12:56:16] Binario: /usr/bin/sort
[12:56:16] Binario: /usr/bin/sotruss
[12:56:16] Binario: /usr/bin/spctoppm
[12:56:16] Binario: /usr/bin/spd-conf
[12:56:16] Binario: /usr/bin/spd-say
[12:56:16] Binario: /usr/bin/speaker-test
[12:56:16] Binario: /usr/bin/speech-dispatcher
[12:56:16] Binario: /usr/bin/spellintian
[12:56:16] Binario: /usr/bin/splain
[12:56:16] Binario: /usr/bin/split
[12:56:16] Binario: /usr/bin/splitdiff
[12:56:16] Binario: /usr/bin/splitfont
[12:56:16] Binario: /usr/bin/sprof
[12:56:16] Binario: /usr/bin/sputoppm
[12:56:16] Binario: /usr/bin/ssh
[12:56:16] Binario: /usr/bin/ssh-add
[12:56:16] Binario: /usr/bin/ssh-agent
[12:56:16] Binario: /usr/bin/ssh-argv0
[12:56:16] Binario: /usr/bin/ssh-copy-id
[12:56:16] Binario: /usr/bin/ssh-import-id
[12:56:16] Binario: /usr/bin/ssh-import-id-gh
[12:56:16] Binario: /usr/bin/ssh-import-id-lp
[12:56:16] Binario: /usr/bin/ssh-keygen
[12:56:16] Binario: /usr/bin/ssh-keyscan
[12:56:16] Binario: /usr/bin/st4topgm
[12:56:16] Binario: /usr/bin/start-pulseaudio-x11
[12:56:16] Binario: /usr/bin/startx
[12:56:16] Binario: /usr/bin/stat
[12:56:16] Binario: /usr/bin/stdbuf
[12:56:16] Binario: /usr/bin/strace
[12:56:16] Binario: /usr/bin/stream
[12:56:16] Binario: /usr/bin/stream-im6
[12:56:16] Binario: /usr/bin/strings
[12:56:16] Binario: /usr/bin/strip
[12:56:16] Binario: /usr/bin/sudo
[12:56:16] Binario: /usr/bin/sudoedit
[12:56:16] Binario: /usr/bin/sudoreplay
[12:56:16] Binario: /usr/bin/sum
[12:56:16] Binario: /usr/bin/symcryptrun
[12:56:16] Binario: /usr/bin/synclient
[12:56:16] Binario: /usr/bin/syndaemon
[12:56:16] Binario: /usr/bin/syslinux
[12:56:16] Binario: /usr/bin/syslinux-legacy
[12:56:16] Binario: /usr/bin/system-config-printer
[12:56:16] Binario: /usr/bin/system-config-printer-applet
[12:56:16] Binario: /usr/bin/systemd-analyze
[12:56:16] Binario: /usr/bin/systemd-cat
[12:56:16] Binario: /usr/bin/systemd-cgls
[12:56:16] Binario: /usr/bin/systemd-cgtop
[12:56:16] Binario: /usr/bin/systemd-delta
[12:56:16] Binario: /usr/bin/systemd-detect-virt
[12:56:16] Binario: /usr/bin/systemd-path
[12:56:16] Binario: /usr/bin/systemd-resolve
[12:56:16] Binario: /usr/bin/systemd-run
[12:56:16] Binario: /usr/bin/systemd-stdio-bridge
[12:56:16] Binario: /usr/bin/t1ascii
[12:56:16] Binario: /usr/bin/t1asm
[12:56:16] Binario: /usr/bin/t1binary
[12:56:16] Binario: /usr/bin/t1disasm
[12:56:16] Binario: /usr/bin/t1mac
[12:56:16] Binario: /usr/bin/t1unmac
[12:56:16] Binario: /usr/bin/tabs
[12:56:16] Binario: /usr/bin/tac
[12:56:16] Binario: /usr/bin/tail
[12:56:16] Binario: /usr/bin/taskset
[12:56:16] Binario: /usr/bin/tbl
[12:56:16] Binario: /usr/bin/tclsh
[12:56:16] Binario: /usr/bin/tclsh8.6
[12:56:16] Binario: /usr/bin/tee
[12:56:16] Binario: /usr/bin/telnet
[12:56:16] Binario: /usr/bin/telnet.netkit
[12:56:16] Binario: /usr/bin/test
[12:56:16] Binario: /usr/bin/tgatoppm
[12:56:16] Binario: /usr/bin/tgz
[12:56:16] Binario: /usr/bin/thinkjettopbm
[12:56:16] Binario: /usr/bin/thresholder
[12:56:16] Binario: /usr/bin/thunderbird
[12:56:16] Binario: /usr/bin/tic
[12:56:16] Binario: /usr/bin/tifftopnm
[12:56:16] Binario: /usr/bin/tificc
[12:56:16] Binario: /usr/bin/time
[12:56:16] Binario: /usr/bin/timedatectl
[12:56:16] Binario: /usr/bin/timeout
[12:56:16] Binario: /usr/bin/tload
[12:56:16] Binario: /usr/bin/toe
[12:56:16] Binario: /usr/bin/top
[12:56:16] Binario: /usr/bin/toshset
[12:56:16] Binario: /usr/bin/totem
[12:56:16] Binario: /usr/bin/totem-audio-preview
[12:56:16] Binario: /usr/bin/totem-video-thumbnailer
[12:56:16] Binario: /usr/bin/touch
[12:56:16] Binario: /usr/bin/tput
[12:56:16] Binario: /usr/bin/tr
[12:56:16] Binario: /usr/bin/tracepath
[12:56:16] Binario: /usr/bin/tracepath6
[12:56:16] Binario: /usr/bin/traceroute6
[12:56:16] Binario: /usr/bin/traceroute6.iputils
[12:56:16] Binario: /usr/bin/transicc
[12:56:16] Binario: /usr/bin/transmission-gtk
[12:56:16] Binario: /usr/bin/transset
[12:56:16] Binario: /usr/bin/troff
[12:56:16] Binario: /usr/bin/truncate
[12:56:16] Binario: /usr/bin/trust
[12:56:16] Binario: /usr/bin/tset
[12:56:16] Binario: /usr/bin/tsort
[12:56:16] Binario: /usr/bin/ttfread
[12:56:16] Binario: /usr/bin/tty
[12:56:16] Binario: /usr/bin/tzselect
[12:56:16] Binario: /usr/bin/ubuntu-bug
[12:56:16] Binario: /usr/bin/ubuntu-core-launcher
[12:56:16] Binario: /usr/bin/ubuntu-drivers
[12:56:16] Binario: /usr/bin/ubuntu-software
[12:56:16] Binario: /usr/bin/ubuntu-support-status
[12:56:16] Binario: /usr/bin/ubuntu-webapps-update-index
[12:56:16] Binario: /usr/bin/ucf
[12:56:16] Binario: /usr/bin/ucfq
[12:56:16] Binario: /usr/bin/ucfr
[12:56:16] Binario: /usr/bin/ucs2any
[12:56:16] Binario: /usr/bin/udisksctl
[12:56:16] Binario: /usr/bin/uic
[12:56:16] Binario: /usr/bin/uic3
[12:56:16] Binario: /usr/bin/ul
[12:56:16] Binario: /usr/bin/umax_pp
[12:56:16] Binario: /usr/bin/unattended-upgrade
[12:56:16] Binario: /usr/bin/unattended-upgrades
[12:56:16] Binario: /usr/bin/unexpand
[12:56:16] Binario: /usr/bin/unicode_stop
[12:56:16] Binario: /usr/bin/uniq
[12:56:16] Binario: /usr/bin/unity
[12:56:16] Binario: /usr/bin/unity-control-center
[12:56:16] Binario: /usr/bin/unity-scope-loader
[12:56:16] Binario: /usr/bin/unity-settings-daemon
[12:56:16] Binario: /usr/bin/unity-webapps-desktop-file
[12:56:16] Binario: /usr/bin/unity-webapps-qml-launcher
[12:56:16] Binario: /usr/bin/unity-webapps-runner
[12:56:16] Binario: /usr/bin/unlink
[12:56:16] Binario: /usr/bin/unlzma
[12:56:16] Binario: /usr/bin/unopkg
[12:56:16] Binario: /usr/bin/unshare
[12:56:16] Binario: /usr/bin/unsquashfs
[12:56:16] Binario: /usr/bin/unwrapdiff
[12:56:16] Binario: /usr/bin/unxz
[12:56:16] Binario: /usr/bin/unzip
[12:56:16] Binario: /usr/bin/unzipsfx
[12:56:16] Binario: /usr/bin/update-alternatives
[12:56:16] Binario: /usr/bin/updatedb
[12:56:16] Binario: /usr/bin/updatedb.mlocate
[12:56:16] Binario: /usr/bin/update-desktop-database
[12:56:16] Binario: /usr/bin/update-gconf-defaults
[12:56:16] Binario: /usr/bin/update-manager
[12:56:16] Binario: /usr/bin/update-mime-database
[12:56:16] Binario: /usr/bin/update-mime-database.real
[12:56:16] Binario: /usr/bin/update-notifier
[12:56:16] Binario: /usr/bin/upower
[12:56:16] Binario: /usr/bin/uptime
[12:56:16] Binario: /usr/bin/usb-creator-gtk
[12:56:16] Binario: /usr/bin/usb-devices
[12:56:16] Binario: /usr/bin/usbhid-dump
[12:56:16] Binario: /usr/bin/usb_printerid
[12:56:16] Binario: /usr/bin/users
[12:56:16] Binario: /usr/bin/utmpdump
[12:56:16] Binario: /usr/bin/uuidgen
[12:56:16] Binario: /usr/bin/uxterm
[12:56:16] Binario: /usr/bin/uz
[12:56:16] Binario: /usr/bin/VGAuthService
[12:56:16] Binario: /usr/bin/vi
[12:56:16] Binario: /usr/bin/view
[12:56:16] Binario: /usr/bin/viewer
[12:56:16] Binario: /usr/bin/viewres
[12:56:16] Binario: /usr/bin/vim
[12:56:16] Binario: /usr/bin/vim.basic
[12:56:16] Binario: /usr/bin/vimdiff
[12:56:16] Binario: /usr/bin/vim.tiny
[12:56:16] Binario: /usr/bin/vimtutor
[12:56:16] Binario: /usr/bin/vino-passwd
[12:56:16] Binario: /usr/bin/vino-preferences
[12:56:16] Binario: /usr/bin/vmhgfs-fuse
[12:56:16] Binario: /usr/bin/vmstat
[12:56:16] Binario: /usr/bin/vmtoolsd
[12:56:16] Binario: /usr/bin/vmware-checkvm
[12:56:16] Binario: /usr/bin/vmwarectrl
[12:56:16] Binario: /usr/bin/vmware-guestproxycerttool
[12:56:16] Binario: /usr/bin/vmware-hgfsclient
[12:56:16] Binario: /usr/bin/vmware-namespace-cmd
[12:56:16] Binario: /usr/bin/vmware-rpctool
[12:56:16] Binario: /usr/bin/vmware-toolbox-cmd
[12:56:16] Binario: /usr/bin/vmware-user
[12:56:16] Binario: /usr/bin/vmware-user-suid-wrapper
[12:56:16] Binario: /usr/bin/vmware-vgauth-cmd
[12:56:16] Binario: /usr/bin/vmware-vgauth-smoketest
[12:56:16] Binario: /usr/bin/vmware-vmblock-fuse
[12:56:16] Binario: /usr/bin/vmware-xferlogs
[12:56:16] Binario: /usr/bin/volname
[12:56:16] Binario: /usr/bin/vstp
[12:56:16] Binario: /usr/bin/w
[12:56:16] Binario: /usr/bin/wall
[12:56:16] Binario: /usr/bin/watch
[12:56:16] Binario: /usr/bin/watchgnupg
[12:56:16] Binario: /usr/bin/wbmptopbm
[12:56:16] Binario: /usr/bin/wc
[12:56:16] Binario: /usr/bin/webapp-container
[12:56:16] Binario: /usr/bin/webapp-container-hook
[12:56:16] Binario: /usr/bin/webbrowser-app
[12:56:16] Binario: /usr/bin/wget
[12:56:16] Binario: /usr/bin/whatis
[12:56:16] Binario: /usr/bin/whereis
[12:56:16] Binario: /usr/bin/which
[12:56:16] Binario: /usr/bin/who
[12:56:16] Binario: /usr/bin/whoami
[12:56:16] Binario: /usr/bin/whoopsie
[12:56:16] Binario: /usr/bin/whoopsie-preferences
[12:56:16] Binario: /usr/bin/winicontoppm
[12:56:16] Binario: /usr/bin/wish
[12:56:16] Binario: /usr/bin/wish8.6
[12:56:16] Binario: /usr/bin/word-list-compress
[12:56:16] Binario: /usr/bin/wpa_passphrase
[12:56:16] Binario: /usr/bin/w.procps
[12:56:16] Binario: /usr/bin/write
[12:56:16] Binario: /usr/bin/X
[12:56:16] Binario: /usr/bin/X11
[12:56:16] Binario: /usr/bin/x11perf
[12:56:16] Binario: /usr/bin/x11perfcomp
[12:56:16] Binario: /usr/bin/x86_64
[12:56:16] Binario: /usr/bin/x86_64-linux-gnu-addr2line
[12:56:16] Binario: /usr/bin/x86_64-linux-gnu-ar
[12:56:16] Binario: /usr/bin/x86_64-linux-gnu-as
[12:56:16] Binario: /usr/bin/x86_64-linux-gnu-c++filt
[12:56:16] Binario: /usr/bin/x86_64-linux-gnu-cpp
[12:56:16] Binario: /usr/bin/x86_64-linux-gnu-cpp-5
[12:56:16] Binario: /usr/bin/x86_64-linux-gnu-dwp
[12:56:16] Binario: /usr/bin/x86_64-linux-gnu-elfedit
[12:56:16] Binario: /usr/bin/x86_64-linux-gnu-g++
[12:56:16] Binario: /usr/bin/x86_64-linux-gnu-g++-5
[12:56:16] Binario: /usr/bin/x86_64-linux-gnu-gcc
[12:56:16] Binario: /usr/bin/x86_64-linux-gnu-gcc-5
[12:56:16] Binario: /usr/bin/x86_64-linux-gnu-gcc-ar
[12:56:16] Binario: /usr/bin/x86_64-linux-gnu-gcc-ar-5
[12:56:16] Binario: /usr/bin/x86_64-linux-gnu-gcc-nm
[12:56:16] Binario: /usr/bin/x86_64-linux-gnu-gcc-nm-5
[12:56:16] Binario: /usr/bin/x86_64-linux-gnu-gcc-ranlib
[12:56:16] Binario: /usr/bin/x86_64-linux-gnu-gcc-ranlib-5
[12:56:16] Binario: /usr/bin/x86_64-linux-gnu-gcov
[12:56:16] Binario: /usr/bin/x86_64-linux-gnu-gcov-5
[12:56:16] Binario: /usr/bin/x86_64-linux-gnu-gcov-tool
[12:56:16] Binario: /usr/bin/x86_64-linux-gnu-gcov-tool-5
[12:56:16] Binario: /usr/bin/x86_64-linux-gnu-gprof
[12:56:16] Binario: /usr/bin/x86_64-linux-gnu-ld
[12:56:16] Binario: /usr/bin/x86_64-linux-gnu-ld.bfd
[12:56:16] Binario: /usr/bin/x86_64-linux-gnu-ld.gold
[12:56:16] Binario: /usr/bin/x86_64-linux-gnu-nm
[12:56:16] Binario: /usr/bin/x86_64-linux-gnu-objcopy
[12:56:16] Binario: /usr/bin/x86_64-linux-gnu-objdump
[12:56:16] Binario: /usr/bin/x86_64-linux-gnu-pkg-config
[12:56:16] Binario: /usr/bin/x86_64-linux-gnu-ranlib
[12:56:16] Binario: /usr/bin/x86_64-linux-gnu-readelf
[12:56:16] Binario: /usr/bin/x86_64-linux-gnu-size
[12:56:16] Binario: /usr/bin/x86_64-linux-gnu-strings
[12:56:16] Binario: /usr/bin/x86_64-linux-gnu-strip
[12:56:16] Binario: /usr/bin/x86_64-pc-linux-gnu-pkg-config
[12:56:16] Binario: /usr/bin/xargs
[12:56:16] Binario: /usr/bin/xauth
[12:56:16] Binario: /usr/bin/xbiff
[12:56:16] Binario: /usr/bin/xbmtopbm
[12:56:16] Binario: /usr/bin/xbrlapi
[12:56:16] Binario: /usr/bin/xcalc
[12:56:16] Binario: /usr/bin/xclipboard
[12:56:16] Binario: /usr/bin/xclock
[12:56:16] Binario: /usr/bin/xcmsdb
[12:56:16] Binario: /usr/bin/xconsole
[12:56:16] Binario: /usr/bin/xcursorgen
[12:56:16] Binario: /usr/bin/xcutsel
[12:56:16] Binario: /usr/bin/xdg-desktop-icon
[12:56:16] Binario: /usr/bin/xdg-desktop-menu
[12:56:16] Binario: /usr/bin/xdg-email
[12:56:16] Binario: /usr/bin/xdg-icon-resource
[12:56:16] Binario: /usr/bin/xdg-mime
[12:56:16] Binario: /usr/bin/xdg-open
[12:56:16] Binario: /usr/bin/xdg-screensaver
[12:56:16] Binario: /usr/bin/xdg-settings
[12:56:16] Binario: /usr/bin/xdg-user-dir
[12:56:16] Binario: /usr/bin/xdg-user-dirs-gtk-update
[12:56:16] Binario: /usr/bin/xdg-user-dirs-update
[12:56:16] Binario: /usr/bin/xdiagnose
[12:56:16] Binario: /usr/bin/xdiagnose-pkexec
[12:56:16] Binario: /usr/bin/xditview
[12:56:16] Binario: /usr/bin/xdpyinfo
[12:56:16] Binario: /usr/bin/xdriinfo
[12:56:16] Binario: /usr/bin/xedid
[12:56:16] Binario: /usr/bin/xedit
[12:56:16] Binario: /usr/bin/xev
[12:56:16] Binario: /usr/bin/xeyes
[12:56:16] Binario: /usr/bin/xfd
[12:56:16] Binario: /usr/bin/xfontsel
[12:56:16] Binario: /usr/bin/xgamma
[12:56:16] Binario: /usr/bin/xgc
[12:56:16] Binario: /usr/bin/xgettext
[12:56:16] Binario: /usr/bin/xhost
[12:56:16] Binario: /usr/bin/ximtoppm
[12:56:16] Binario: /usr/bin/xinit
[12:56:16] Binario: /usr/bin/xinput
[12:56:16] Binario: /usr/bin/xkbbell
[12:56:16] Binario: /usr/bin/xkbcomp
[12:56:16] Binario: /usr/bin/xkbevd
[12:56:16] Binario: /usr/bin/xkbprint
[12:56:16] Binario: /usr/bin/xkbvleds
[12:56:16] Binario: /usr/bin/xkbwatch
[12:56:16] Binario: /usr/bin/xkeystone
[12:56:16] Binario: /usr/bin/xkill
[12:56:16] Binario: /usr/bin/xload
[12:56:16] Binario: /usr/bin/xlogo
[12:56:16] Binario: /usr/bin/xlsatoms
[12:56:16] Binario: /usr/bin/xlsclients
[12:56:16] Binario: /usr/bin/xlsfonts
[12:56:16] Binario: /usr/bin/xmag
[12:56:16] Binario: /usr/bin/xman
[12:56:16] Binario: /usr/bin/xmessage
[12:56:16] Binario: /usr/bin/xmlpatterns
[12:56:16] Binario: /usr/bin/xmlpatternsvalidator
[12:56:16] Binario: /usr/bin/xmodmap
[12:56:16] Binario: /usr/bin/xmore
[12:56:16] Binario: /usr/bin/Xorg
[12:56:16] Binario: /usr/bin/xpci
[12:56:16] Binario: /usr/bin/xpmtoppm
[12:56:16] Binario: /usr/bin/xprop
[12:56:16] Binario: /usr/bin/xqxdecode
[12:56:16] Binario: /usr/bin/xrandr
[12:56:16] Binario: /usr/bin/xrandr-tool
[12:56:16] Binario: /usr/bin/xrdb
[12:56:16] Binario: /usr/bin/xrefresh
[12:56:16] Binario: /usr/bin/xrotate
[12:56:16] Binario: /usr/bin/x-session-manager
[12:56:16] Binario: /usr/bin/xset
[12:56:16] Binario: /usr/bin/xsetmode
[12:56:16] Binario: /usr/bin/xsetpointer
[12:56:16] Binario: /usr/bin/xsetroot
[12:56:16] Binario: /usr/bin/xsetwacom
[12:56:16] Binario: /usr/bin/xsm
[12:56:16] Binario: /usr/bin/xstdcmap
[12:56:16] Binario: /usr/bin/xsubpp
[12:56:16] Binario: /usr/bin/xterm
[12:56:16] Binario: /usr/bin/x-terminal-emulator
[12:56:16] Binario: /usr/bin/xvidtune
[12:56:16] Binario: /usr/bin/xvinfo
[12:56:16] Binario: /usr/bin/xvminitoppm
[12:56:16] Binario: /usr/bin/xwd
[12:56:16] Binario: /usr/bin/xwdtopnm
[12:56:16] Binario: /usr/bin/xwininfo
[12:56:16] Binario: /usr/bin/xwud
[12:56:16] Binario: /usr/bin/x-www-browser
[12:56:16] Binario: /usr/bin/xxd
[12:56:16] Binario: /usr/bin/xz
[12:56:16] Binario: /usr/bin/xzcat
[12:56:16] Binario: /usr/bin/xzcmp
[12:56:16] Binario: /usr/bin/xzdiff
[12:56:16] Binario: /usr/bin/xzegrep
[12:56:16] Binario: /usr/bin/xzfgrep
[12:56:16] Binario: /usr/bin/xzgrep
[12:56:16] Binario: /usr/bin/xzless
[12:56:16] Binario: /usr/bin/xzmore
[12:56:16] Binario: /usr/bin/ybmtopbm
[12:56:16] Binario: /usr/bin/yelp
[12:56:16] Binario: /usr/bin/yes
[12:56:16] Binario: /usr/bin/yuvsplittoppm
[12:56:16] Binario: /usr/bin/yuvtoppm
[12:56:16] Binario: /usr/bin/zdump
[12:56:16] Binario: /usr/bin/zeisstopnm
[12:56:16] Binario: /usr/bin/zeitgeist-daemon
[12:56:16] Binario: /usr/bin/zeitgeist-datahub
[12:56:16] Binario: /usr/bin/zenity
[12:56:16] Binario: /usr/bin/zip
[12:56:16] Binario: /usr/bin/zipcloak
[12:56:16] Binario: /usr/bin/zipdetails
[12:56:16] Binario: /usr/bin/zipgrep
[12:56:17] Binario: /usr/bin/zipinfo
[12:56:17] Binario: /usr/bin/zipnote
[12:56:17] Binario: /usr/bin/zipsplit
[12:56:17] Binario: /usr/bin/zjsdecode
[12:56:17] Binario: /usr/bin/zlib-flate
[12:56:17] ===---------------------------------------------------------------===
[12:56:17] Teste: Verificar os binários no diretório /usr/sbin
[12:56:17] Diretorio /usr/sbin existe. Iniciando Scanning no diretorio...
[12:56:17] Binario: /usr/sbin/aa-exec
[12:56:17] Binario: /usr/sbin/aa-remove-unknown
[12:56:17] Binario: /usr/sbin/aa-status
[12:56:17] Binario: /usr/sbin/accept
[12:56:17] Binario: /usr/sbin/accessdb
[12:56:17] Binario: /usr/sbin/acpid
[12:56:17] Binario: /usr/sbin/addgnupghome
[12:56:17] Binario: /usr/sbin/addgroup
[12:56:17] Binario: /usr/sbin/add-shell
[12:56:17] Binario: /usr/sbin/adduser
[12:56:17] Binario: /usr/sbin/alsactl
[12:56:17] Binario: /usr/sbin/alsa-info.sh
[12:56:17] Binario: /usr/sbin/anacron
[12:56:17] Binario: /usr/sbin/apparmor_status
[12:56:17] Binario: /usr/sbin/applygnupgdefaults
[12:56:17] Binario: /usr/sbin/aptd
[12:56:17] Binario: /usr/sbin/arp
[12:56:17] Binario: /usr/sbin/arpd
[12:56:17] Binario: /usr/sbin/aspell-autobuildhash
[12:56:17] Binario: /usr/sbin/avahi-autoipd
[12:56:17] Binario: /usr/sbin/avahi-daemon
[12:56:17] Binario: /usr/sbin/biosdecode
[12:56:17] Binario: /usr/sbin/bluetoothd
[12:56:17] Binario: /usr/sbin/chat
[12:56:17] Binario: /usr/sbin/chgpasswd
