gpgv: Signature made Thu Apr 21 23:25:09 2016 UTC using DSA key ID 437D05B5
gpgv: Good signature from "Ubuntu Archive Automatic Signing Key <ftpmaster@ubuntu.com>"
gpgv: Signature made Thu Apr 21 23:25:09 2016 UTC using RSA key ID C0B21F32
gpgv: Good signature from "Ubuntu Archive Automatic Signing Key (2012) <ftpmaster@ubuntu.com>"
gpgv: Signature made Thu Apr 21 23:25:09 2016 UTC using DSA key ID 437D05B5
gpgv: Good signature from "Ubuntu Archive Automatic Signing Key <ftpmaster@ubuntu.com>"
gpgv: Signature made Thu Apr 21 23:25:09 2016 UTC using RSA key ID C0B21F32
gpgv: Good signature from "Ubuntu Archive Automatic Signing Key (2012) <ftpmaster@ubuntu.com>"
dpkg: warning: parsing file '/var/lib/dpkg/status' near line 4 package 'dpkg':
 missing description
dpkg: warning: parsing file '/var/lib/dpkg/status' near line 4 package 'dpkg':
 missing maintainer
dpkg: warning: parsing file '/var/lib/dpkg/status' near line 4 package 'dpkg':
 missing architecture
Selecting previously unselected package base-passwd.
(Reading database ... 0 files and directories currently installed.)
Preparing to unpack .../base-passwd_3.5.39_amd64.deb ...
Unpacking base-passwd (3.5.39) ...
dpkg: base-passwd: dependency problems, but configuring anyway as you requested:
 base-passwd depends on libc6 (>= 2.8); however:
  Package libc6 is not installed.
 base-passwd depends on libdebconfclient0 (>= 0.145); however:
  Package libdebconfclient0 is not installed.

Setting up base-passwd (3.5.39) ...
dpkg: warning: parsing file '/var/lib/dpkg/status' near line 23 package 'dpkg':
 missing description
dpkg: warning: parsing file '/var/lib/dpkg/status' near line 23 package 'dpkg':
 missing maintainer
dpkg: warning: parsing file '/var/lib/dpkg/status' near line 23 package 'dpkg':
 missing architecture
Selecting previously unselected package base-files.
dpkg: regarding .../base-files_9.4ubuntu4_amd64.deb containing base-files, pre-dependency problem:
 base-files pre-depends on awk
  awk is not installed.

dpkg: warning: ignoring pre-dependency problem!
(Reading database ... 41 files and directories currently installed.)
Preparing to unpack .../base-files_9.4ubuntu4_amd64.deb ...
Unpacking base-files (9.4ubuntu4) ...
dpkg: base-files: dependency problems, but configuring anyway as you requested:
 base-files depends on awk; however:
  Package awk is not installed.

Setting up base-files (9.4ubuntu4) ...
dpkg: warning: parsing file '/var/lib/dpkg/status' near line 55 package 'dpkg':
 missing description
dpkg: warning: parsing file '/var/lib/dpkg/status' near line 55 package 'dpkg':
 missing maintainer
dpkg: warning: parsing file '/var/lib/dpkg/status' near line 55 package 'dpkg':
 missing architecture
dpkg: regarding .../dpkg_1.18.4ubuntu1_amd64.deb containing dpkg, pre-dependency problem:
 dpkg pre-depends on libbz2-1.0
  libbz2-1.0 is not installed.

dpkg: warning: ignoring pre-dependency problem!
dpkg: regarding .../dpkg_1.18.4ubuntu1_amd64.deb containing dpkg, pre-dependency problem:
 dpkg pre-depends on libc6 (>= 2.14)
  libc6 is not installed.

dpkg: warning: ignoring pre-dependency problem!
dpkg: regarding .../dpkg_1.18.4ubuntu1_amd64.deb containing dpkg, pre-dependency problem:
 dpkg pre-depends on liblzma5 (>= 5.1.1alpha+20120614)
  liblzma5 is not installed.

dpkg: warning: ignoring pre-dependency problem!
dpkg: regarding .../dpkg_1.18.4ubuntu1_amd64.deb containing dpkg, pre-dependency problem:
 dpkg pre-depends on libselinux1 (>= 2.3)
  libselinux1 is not installed.

dpkg: warning: ignoring pre-dependency problem!
dpkg: regarding .../dpkg_1.18.4ubuntu1_amd64.deb containing dpkg, pre-dependency problem:
 dpkg pre-depends on zlib1g (>= 1:1.1.4)
  zlib1g is not installed.

dpkg: warning: ignoring pre-dependency problem!
dpkg: regarding .../dpkg_1.18.4ubuntu1_amd64.deb containing dpkg, pre-dependency problem:
 dpkg pre-depends on tar (>= 1.23)
  tar is not installed.

dpkg: warning: ignoring pre-dependency problem!
(Reading database ... 125 files and directories currently installed.)
Preparing to unpack .../dpkg_1.18.4ubuntu1_amd64.deb ...
Unpacking dpkg (1.18.4ubuntu1) over (1.18.4ubuntu1) ...
dpkg: dpkg: dependency problems, but configuring anyway as you requested:
 dpkg depends on libbz2-1.0; however:
  Package libbz2-1.0 is not installed.
 dpkg depends on libc6 (>= 2.14); however:
  Package libc6 is not installed.
 dpkg depends on liblzma5 (>= 5.1.1alpha+20120614); however:
  Package liblzma5 is not installed.
 dpkg depends on libselinux1 (>= 2.3); however:
  Package libselinux1 is not installed.
 dpkg depends on zlib1g (>= 1:1.1.4); however:
  Package zlib1g is not installed.
 dpkg depends on tar (>= 1.23); however:
  Package tar is not installed.

Setting up dpkg (1.18.4ubuntu1) ...
Selecting previously unselected package libc6:amd64.
(Reading database ... 378 files and directories currently installed.)
Preparing to unpack .../libc6_2.23-0ubuntu3_amd64.deb ...
Unpacking libc6:amd64 (2.23-0ubuntu3) ...
dpkg: libc6:amd64: dependency problems, but configuring anyway as you requested:
 libc6:amd64 depends on libgcc1; however:
  Package libgcc1 is not installed.

Setting up libc6:amd64 (2.23-0ubuntu3) ...
Selecting previously unselected package perl-base.
(Reading database ... 695 files and directories currently installed.)
Preparing to unpack .../perl-base_5.22.1-9_amd64.deb ...
Unpacking perl-base (5.22.1-9) ...
Setting up perl-base (5.22.1-9) ...
Selecting previously unselected package mawk.
(Reading database ... 1278 files and directories currently installed.)
Preparing to unpack .../mawk_1.3.3-17ubuntu2_amd64.deb ...
Unpacking mawk (1.3.3-17ubuntu2) ...
Setting up mawk (1.3.3-17ubuntu2) ...
Selecting previously unselected package debconf.
(Reading database ... 1296 files and directories currently installed.)
Preparing to unpack .../debconf_1.5.58ubuntu1_all.deb ...
Unpacking debconf (1.5.58ubuntu1) ...
Setting up debconf (1.5.58ubuntu1) ...
Selecting previously unselected package adduser.
(Reading database ... 1476 files and directories currently installed.)
Preparing to unpack .../adduser_3.113+nmu3ubuntu4_all.deb ...
Unpacking adduser (3.113+nmu3ubuntu4) ...
Preparing to unpack .../base-files_9.4ubuntu4_amd64.deb ...
Unpacking base-files (9.4ubuntu4) over (9.4ubuntu4) ...
Preparing to unpack .../base-passwd_3.5.39_amd64.deb ...
Unpacking base-passwd (3.5.39) over (3.5.39) ...
Selecting previously unselected package bash.
dpkg: regarding .../bash_4.3-14ubuntu1_amd64.deb containing bash, pre-dependency problem:
 bash pre-depends on dash (>= 0.5.5.1-2.2)
  dash is not installed.

dpkg: warning: ignoring pre-dependency problem!
dpkg: regarding .../bash_4.3-14ubuntu1_amd64.deb containing bash, pre-dependency problem:
 bash pre-depends on libtinfo5
  libtinfo5 is not installed.

dpkg: warning: ignoring pre-dependency problem!
Preparing to unpack .../bash_4.3-14ubuntu1_amd64.deb ...
Unpacking bash (4.3-14ubuntu1) ...
Selecting previously unselected package bsdutils.
dpkg: regarding .../bsdutils_1%3a2.27.1-6ubuntu3_amd64.deb containing bsdutils, pre-dependency problem:
 bsdutils pre-depends on libsystemd0
  libsystemd0 is not installed.

dpkg: warning: ignoring pre-dependency problem!
Preparing to unpack .../bsdutils_1%3a2.27.1-6ubuntu3_amd64.deb ...
Unpacking bsdutils (1:2.27.1-6ubuntu3) ...
Selecting previously unselected package coreutils.
dpkg: regarding .../coreutils_8.25-2ubuntu2_amd64.deb containing coreutils, pre-dependency problem:
 coreutils pre-depends on libacl1 (>= 2.2.51-8)
  libacl1 is not installed.

dpkg: warning: ignoring pre-dependency problem!
dpkg: regarding .../coreutils_8.25-2ubuntu2_amd64.deb containing coreutils, pre-dependency problem:
 coreutils pre-depends on libattr1 (>= 1:2.4.46-8)
  libattr1 is not installed.

dpkg: warning: ignoring pre-dependency problem!
dpkg: regarding .../coreutils_8.25-2ubuntu2_amd64.deb containing coreutils, pre-dependency problem:
 coreutils pre-depends on libselinux1 (>= 2.1.13)
  libselinux1 is not installed.

dpkg: warning: ignoring pre-dependency problem!
Preparing to unpack .../coreutils_8.25-2ubuntu2_amd64.deb ...
Unpacking coreutils (8.25-2ubuntu2) ...
Selecting previously unselected package dash.
Preparing to unpack .../dash_0.5.8-2.1ubuntu2_amd64.deb ...
Adding 'diversion of /bin/sh to /bin/sh.distrib by dash'
Adding 'diversion of /usr/share/man/man1/sh.1.gz to /usr/share/man/man1/sh.distrib.1.gz by dash'
Unpacking dash (0.5.8-2.1ubuntu2) ...
Preparing to unpack .../debconf_1.5.58ubuntu1_all.deb ...
Unpacking debconf (1.5.58ubuntu1) over (1.5.58ubuntu1) ...
Selecting previously unselected package debianutils.
Preparing to unpack .../debianutils_4.7_amd64.deb ...
Unpacking debianutils (4.7) ...
Selecting previously unselected package diffutils.
Preparing to unpack .../diffutils_1%3a3.3-3_amd64.deb ...
Unpacking diffutils (1:3.3-3) ...
dpkg: regarding .../dpkg_1.18.4ubuntu1_amd64.deb containing dpkg, pre-dependency problem:
 dpkg pre-depends on libbz2-1.0
  libbz2-1.0 is not installed.

dpkg: warning: ignoring pre-dependency problem!
dpkg: regarding .../dpkg_1.18.4ubuntu1_amd64.deb containing dpkg, pre-dependency problem:
 dpkg pre-depends on liblzma5 (>= 5.1.1alpha+20120614)
  liblzma5 is not installed.

dpkg: warning: ignoring pre-dependency problem!
dpkg: regarding .../dpkg_1.18.4ubuntu1_amd64.deb containing dpkg, pre-dependency problem:
 dpkg pre-depends on libselinux1 (>= 2.3)
  libselinux1 is not installed.

dpkg: warning: ignoring pre-dependency problem!
dpkg: regarding .../dpkg_1.18.4ubuntu1_amd64.deb containing dpkg, pre-dependency problem:
 dpkg pre-depends on zlib1g (>= 1:1.1.4)
  zlib1g is not installed.

dpkg: warning: ignoring pre-dependency problem!
dpkg: regarding .../dpkg_1.18.4ubuntu1_amd64.deb containing dpkg, pre-dependency problem:
 dpkg pre-depends on tar (>= 1.23)
  tar is not installed.

dpkg: warning: ignoring pre-dependency problem!
Preparing to unpack .../dpkg_1.18.4ubuntu1_amd64.deb ...
Unpacking dpkg (1.18.4ubuntu1) over (1.18.4ubuntu1) ...
Selecting previously unselected package e2fslibs:amd64.
Preparing to unpack .../e2fslibs_1.42.13-1ubuntu1_amd64.deb ...
Unpacking e2fslibs:amd64 (1.42.13-1ubuntu1) ...
Selecting previously unselected package e2fsprogs.
dpkg: regarding .../e2fsprogs_1.42.13-1ubuntu1_amd64.deb containing e2fsprogs, pre-dependency problem:
 e2fsprogs pre-depends on e2fslibs (= 1.42.13-1ubuntu1)
  e2fslibs:amd64 is unpacked, but has never been configured.

dpkg: warning: ignoring pre-dependency problem!
dpkg: regarding .../e2fsprogs_1.42.13-1ubuntu1_amd64.deb containing e2fsprogs, pre-dependency problem:
 e2fsprogs pre-depends on libblkid1 (>= 2.17.2)
  libblkid1 is not installed.

dpkg: warning: ignoring pre-dependency problem!
dpkg: regarding .../e2fsprogs_1.42.13-1ubuntu1_amd64.deb containing e2fsprogs, pre-dependency problem:
 e2fsprogs pre-depends on libcomerr2 (>= 1.42~WIP-2011-10-05-1)
  libcomerr2 is not installed.

dpkg: warning: ignoring pre-dependency problem!
dpkg: regarding .../e2fsprogs_1.42.13-1ubuntu1_amd64.deb containing e2fsprogs, pre-dependency problem:
 e2fsprogs pre-depends on libss2 (>= 1.34-1)
  libss2 is not installed.

dpkg: warning: ignoring pre-dependency problem!
dpkg: regarding .../e2fsprogs_1.42.13-1ubuntu1_amd64.deb containing e2fsprogs, pre-dependency problem:
 e2fsprogs pre-depends on libuuid1 (>= 2.16)
  libuuid1 is not installed.

dpkg: warning: ignoring pre-dependency problem!
dpkg: regarding .../e2fsprogs_1.42.13-1ubuntu1_amd64.deb containing e2fsprogs, pre-dependency problem:
 e2fsprogs pre-depends on util-linux (>= 2.15~rc1-1)
  util-linux is not installed.

dpkg: warning: ignoring pre-dependency problem!
Preparing to unpack .../e2fsprogs_1.42.13-1ubuntu1_amd64.deb ...
Unpacking e2fsprogs (1.42.13-1ubuntu1) ...
Selecting previously unselected package findutils.
dpkg: regarding .../findutils_4.6.0+git+20160126-2_amd64.deb containing findutils, pre-dependency problem:
 findutils pre-depends on libselinux1 (>= 1.32)
  libselinux1 is not installed.

dpkg: warning: ignoring pre-dependency problem!
Preparing to unpack .../findutils_4.6.0+git+20160126-2_amd64.deb ...
Unpacking findutils (4.6.0+git+20160126-2) ...
Selecting previously unselected package gcc-6-base:amd64.
Preparing to unpack .../gcc-6-base_6.0.1-0ubuntu1_amd64.deb ...
Unpacking gcc-6-base:amd64 (6.0.1-0ubuntu1) ...
Selecting previously unselected package grep.
dpkg: regarding .../archives/grep_2.24-1_amd64.deb containing grep, pre-dependency problem:
 grep pre-depends on libpcre3
  libpcre3 is not installed.

dpkg: warning: ignoring pre-dependency problem!
Preparing to unpack .../archives/grep_2.24-1_amd64.deb ...
Unpacking grep (2.24-1) ...
Selecting previously unselected package gzip.
Preparing to unpack .../gzip_1.6-4ubuntu1_amd64.deb ...
Unpacking gzip (1.6-4ubuntu1) ...
Selecting previously unselected package hostname.
dpkg: regarding .../hostname_3.16ubuntu2_amd64.deb containing hostname, pre-dependency problem:
 hostname pre-depends on lsb-base (>= 4.1+Debian11ubuntu7)
  lsb-base is not installed.

dpkg: warning: ignoring pre-dependency problem!
Preparing to unpack .../hostname_3.16ubuntu2_amd64.deb ...
Unpacking hostname (3.16ubuntu2) ...
Selecting previously unselected package init.
dpkg: regarding .../init_1.29ubuntu1_amd64.deb containing init, pre-dependency problem:
 init pre-depends on systemd-sysv | upstart-sysv
  systemd-sysv is not installed.
  upstart-sysv is not installed.

dpkg: warning: ignoring pre-dependency problem!
Preparing to unpack .../init_1.29ubuntu1_amd64.deb ...
Unpacking init (1.29ubuntu1) ...
Selecting previously unselected package init-system-helpers.
Preparing to unpack .../init-system-helpers_1.29ubuntu1_all.deb ...
Unpacking init-system-helpers (1.29ubuntu1) ...
Selecting previously unselected package initscripts.
Preparing to unpack .../initscripts_2.88dsf-59.3ubuntu2_amd64.deb ...
Unpacking initscripts (2.88dsf-59.3ubuntu2) ...
Selecting previously unselected package insserv.
Preparing to unpack .../insserv_1.14.0-5ubuntu3_amd64.deb ...
Unpacking insserv (1.14.0-5ubuntu3) ...
Selecting previously unselected package libacl1:amd64.
Preparing to unpack .../libacl1_2.2.52-3_amd64.deb ...
Unpacking libacl1:amd64 (2.2.52-3) ...
Selecting previously unselected package libapparmor1:amd64.
Preparing to unpack .../libapparmor1_2.10.95-0ubuntu2_amd64.deb ...
Unpacking libapparmor1:amd64 (2.10.95-0ubuntu2) ...
Selecting previously unselected package libattr1:amd64.
dpkg: regarding .../libattr1_1%3a2.4.47-2_amd64.deb containing libattr1:amd64, pre-dependency problem:
 libattr1 pre-depends on multiarch-support
  multiarch-support is not installed.

dpkg: warning: ignoring pre-dependency problem!
Preparing to unpack .../libattr1_1%3a2.4.47-2_amd64.deb ...
Unpacking libattr1:amd64 (1:2.4.47-2) ...
Selecting previously unselected package libaudit-common.
Preparing to unpack .../libaudit-common_1%3a2.4.5-1ubuntu2_all.deb ...
Unpacking libaudit-common (1:2.4.5-1ubuntu2) ...
Selecting previously unselected package libaudit1:amd64.
Preparing to unpack .../libaudit1_1%3a2.4.5-1ubuntu2_amd64.deb ...
Unpacking libaudit1:amd64 (1:2.4.5-1ubuntu2) ...
Selecting previously unselected package libblkid1:amd64.
Preparing to unpack .../libblkid1_2.27.1-6ubuntu3_amd64.deb ...
Unpacking libblkid1:amd64 (2.27.1-6ubuntu3) ...
Selecting previously unselected package libbz2-1.0:amd64.
Preparing to unpack .../libbz2-1.0_1.0.6-8_amd64.deb ...
Unpacking libbz2-1.0:amd64 (1.0.6-8) ...
Selecting previously unselected package libc-bin.
Preparing to unpack .../libc-bin_2.23-0ubuntu3_amd64.deb ...
Unpacking libc-bin (2.23-0ubuntu3) ...
Preparing to unpack .../libc6_2.23-0ubuntu3_amd64.deb ...
Unpacking libc6:amd64 (2.23-0ubuntu3) over (2.23-0ubuntu3) ...
Selecting previously unselected package libcap2:amd64.
Preparing to unpack .../libcap2_1%3a2.24-12_amd64.deb ...
Unpacking libcap2:amd64 (1:2.24-12) ...
Selecting previously unselected package libcap2-bin.
Preparing to unpack .../libcap2-bin_1%3a2.24-12_amd64.deb ...
Unpacking libcap2-bin (1:2.24-12) ...
Selecting previously unselected package libcomerr2:amd64.
Preparing to unpack .../libcomerr2_1.42.13-1ubuntu1_amd64.deb ...
Unpacking libcomerr2:amd64 (1.42.13-1ubuntu1) ...
Selecting previously unselected package libcryptsetup4:amd64.
Preparing to unpack .../libcryptsetup4_2%3a1.6.6-5ubuntu2_amd64.deb ...
Unpacking libcryptsetup4:amd64 (2:1.6.6-5ubuntu2) ...
Selecting previously unselected package libdb5.3:amd64.
Preparing to unpack .../libdb5.3_5.3.28-11_amd64.deb ...
Unpacking libdb5.3:amd64 (5.3.28-11) ...
Selecting previously unselected package libdebconfclient0:amd64.
Preparing to unpack .../libdebconfclient0_0.198ubuntu1_amd64.deb ...
Unpacking libdebconfclient0:amd64 (0.198ubuntu1) ...
Selecting previously unselected package libdevmapper1.02.1:amd64.
Preparing to unpack .../libdevmapper1.02.1_2%3a1.02.110-1ubuntu10_amd64.deb ...
Unpacking libdevmapper1.02.1:amd64 (2:1.02.110-1ubuntu10) ...
Selecting previously unselected package libfdisk1:amd64.
Preparing to unpack .../libfdisk1_2.27.1-6ubuntu3_amd64.deb ...
Unpacking libfdisk1:amd64 (2.27.1-6ubuntu3) ...
Selecting previously unselected package libgcc1:amd64.
Preparing to unpack .../libgcc1_1%3a6.0.1-0ubuntu1_amd64.deb ...
Unpacking libgcc1:amd64 (1:6.0.1-0ubuntu1) ...
Selecting previously unselected package libgcrypt20:amd64.
Preparing to unpack .../libgcrypt20_1.6.5-2_amd64.deb ...
Unpacking libgcrypt20:amd64 (1.6.5-2) ...
Selecting previously unselected package libgpg-error0:amd64.
Preparing to unpack .../libgpg-error0_1.21-2ubuntu1_amd64.deb ...
Unpacking libgpg-error0:amd64 (1.21-2ubuntu1) ...
Selecting previously unselected package libkmod2:amd64.
Preparing to unpack .../libkmod2_22-1ubuntu4_amd64.deb ...
Unpacking libkmod2:amd64 (22-1ubuntu4) ...
Selecting previously unselected package liblzma5:amd64.
dpkg: regarding .../liblzma5_5.1.1alpha+20120614-2ubuntu2_amd64.deb containing liblzma5:amd64, pre-dependency problem:
 liblzma5 pre-depends on multiarch-support
  multiarch-support is not installed.

dpkg: warning: ignoring pre-dependency problem!
Preparing to unpack .../liblzma5_5.1.1alpha+20120614-2ubuntu2_amd64.deb ...
Unpacking liblzma5:amd64 (5.1.1alpha+20120614-2ubuntu2) ...
Selecting previously unselected package libmount1:amd64.
Preparing to unpack .../libmount1_2.27.1-6ubuntu3_amd64.deb ...
Unpacking libmount1:amd64 (2.27.1-6ubuntu3) ...
Selecting previously unselected package libncurses5:amd64.
Preparing to unpack .../libncurses5_6.0+20160213-1ubuntu1_amd64.deb ...
Unpacking libncurses5:amd64 (6.0+20160213-1ubuntu1) ...
Selecting previously unselected package libncursesw5:amd64.
Preparing to unpack .../libncursesw5_6.0+20160213-1ubuntu1_amd64.deb ...
Unpacking libncursesw5:amd64 (6.0+20160213-1ubuntu1) ...
Selecting previously unselected package libpam-modules:amd64.
dpkg: regarding .../libpam-modules_1.1.8-3.2ubuntu2_amd64.deb containing libpam-modules:amd64, pre-dependency problem:
 libpam-modules pre-depends on libaudit1 (>= 1:2.2.1)
  libaudit1:amd64 is unpacked, but has never been configured.

dpkg: warning: ignoring pre-dependency problem!
dpkg: regarding .../libpam-modules_1.1.8-3.2ubuntu2_amd64.deb containing libpam-modules:amd64, pre-dependency problem:
 libpam-modules pre-depends on libdb5.3
  libdb5.3:amd64 is unpacked, but has never been configured.

dpkg: warning: ignoring pre-dependency problem!
dpkg: regarding .../libpam-modules_1.1.8-3.2ubuntu2_amd64.deb containing libpam-modules:amd64, pre-dependency problem:
 libpam-modules pre-depends on libpam0g (>= 1.1.3-2)
  libpam0g is not installed.

dpkg: warning: ignoring pre-dependency problem!
dpkg: regarding .../libpam-modules_1.1.8-3.2ubuntu2_amd64.deb containing libpam-modules:amd64, pre-dependency problem:
 libpam-modules pre-depends on libselinux1 (>= 2.1.9)
  libselinux1 is not installed.

dpkg: warning: ignoring pre-dependency problem!
dpkg: regarding .../libpam-modules_1.1.8-3.2ubuntu2_amd64.deb containing libpam-modules:amd64, pre-dependency problem:
 libpam-modules pre-depends on libpam-modules-bin (= 1.1.8-3.2ubuntu2)
  libpam-modules-bin is not installed.

dpkg: warning: ignoring pre-dependency problem!
Preparing to unpack .../libpam-modules_1.1.8-3.2ubuntu2_amd64.deb ...
Unpacking libpam-modules:amd64 (1.1.8-3.2ubuntu2) ...
Selecting previously unselected package libpam-modules-bin.
Preparing to unpack .../libpam-modules-bin_1.1.8-3.2ubuntu2_amd64.deb ...
Unpacking libpam-modules-bin (1.1.8-3.2ubuntu2) ...
Selecting previously unselected package libpam-runtime.
Preparing to unpack .../libpam-runtime_1.1.8-3.2ubuntu2_all.deb ...
Unpacking libpam-runtime (1.1.8-3.2ubuntu2) ...
Selecting previously unselected package libpam0g:amd64.
Preparing to unpack .../libpam0g_1.1.8-3.2ubuntu2_amd64.deb ...
Unpacking libpam0g:amd64 (1.1.8-3.2ubuntu2) ...
Selecting previously unselected package libpcre3:amd64.
dpkg: regarding .../libpcre3_2%3a8.38-3.1_amd64.deb containing libpcre3:amd64, pre-dependency problem:
 libpcre3 pre-depends on multiarch-support
  multiarch-support is not installed.

dpkg: warning: ignoring pre-dependency problem!
Preparing to unpack .../libpcre3_2%3a8.38-3.1_amd64.deb ...
Unpacking libpcre3:amd64 (2:8.38-3.1) ...
Selecting previously unselected package libprocps4:amd64.
Preparing to unpack .../libprocps4_2%3a3.3.10-4ubuntu2_amd64.deb ...
Unpacking libprocps4:amd64 (2:3.3.10-4ubuntu2) ...
Selecting previously unselected package libseccomp2:amd64.
Preparing to unpack .../libseccomp2_2.2.3-3ubuntu3_amd64.deb ...
Unpacking libseccomp2:amd64 (2.2.3-3ubuntu3) ...
Selecting previously unselected package libselinux1:amd64.
Preparing to unpack .../libselinux1_2.4-3build2_amd64.deb ...
Unpacking libselinux1:amd64 (2.4-3build2) ...
Selecting previously unselected package libsemanage-common.
Preparing to unpack .../libsemanage-common_2.3-1build3_all.deb ...
Unpacking libsemanage-common (2.3-1build3) ...
Selecting previously unselected package libsemanage1:amd64.
Preparing to unpack .../libsemanage1_2.3-1build3_amd64.deb ...
Unpacking libsemanage1:amd64 (2.3-1build3) ...
Selecting previously unselected package libsepol1:amd64.
Preparing to unpack .../libsepol1_2.4-2_amd64.deb ...
Unpacking libsepol1:amd64 (2.4-2) ...
Selecting previously unselected package libsmartcols1:amd64.
Preparing to unpack .../libsmartcols1_2.27.1-6ubuntu3_amd64.deb ...
Unpacking libsmartcols1:amd64 (2.27.1-6ubuntu3) ...
Selecting previously unselected package libss2:amd64.
Preparing to unpack .../libss2_1.42.13-1ubuntu1_amd64.deb ...
Unpacking libss2:amd64 (1.42.13-1ubuntu1) ...
Selecting previously unselected package libsystemd0:amd64.
dpkg: regarding .../libsystemd0_229-4ubuntu4_amd64.deb containing libsystemd0:amd64, pre-dependency problem:
 libsystemd0 pre-depends on libgcrypt20 (>= 1.6.1)
  libgcrypt20:amd64 is unpacked, but has never been configured.

dpkg: warning: ignoring pre-dependency problem!
dpkg: regarding .../libsystemd0_229-4ubuntu4_amd64.deb containing libsystemd0:amd64, pre-dependency problem:
 libsystemd0 pre-depends on liblzma5 (>= 5.1.1alpha+20120614)
  liblzma5:amd64 is unpacked, but has never been configured.

dpkg: warning: ignoring pre-dependency problem!
dpkg: regarding .../libsystemd0_229-4ubuntu4_amd64.deb containing libsystemd0:amd64, pre-dependency problem:
 libsystemd0 pre-depends on libselinux1 (>= 1.32)
  libselinux1:amd64 is unpacked, but has never been configured.

dpkg: warning: ignoring pre-dependency problem!
Preparing to unpack .../libsystemd0_229-4ubuntu4_amd64.deb ...
Unpacking libsystemd0:amd64 (229-4ubuntu4) ...
Selecting previously unselected package libtinfo5:amd64.
Preparing to unpack .../libtinfo5_6.0+20160213-1ubuntu1_amd64.deb ...
Unpacking libtinfo5:amd64 (6.0+20160213-1ubuntu1) ...
Selecting previously unselected package libudev1:amd64.
Preparing to unpack .../libudev1_229-4ubuntu4_amd64.deb ...
Unpacking libudev1:amd64 (229-4ubuntu4) ...
Selecting previously unselected package libustr-1.0-1:amd64.
Preparing to unpack .../libustr-1.0-1_1.0.4-5_amd64.deb ...
Unpacking libustr-1.0-1:amd64 (1.0.4-5) ...
Selecting previously unselected package libuuid1:amd64.
Preparing to unpack .../libuuid1_2.27.1-6ubuntu3_amd64.deb ...
Unpacking libuuid1:amd64 (2.27.1-6ubuntu3) ...
Selecting previously unselected package locales.
Preparing to unpack .../locales_2.23-0ubuntu3_all.deb ...
Unpacking locales (2.23-0ubuntu3) ...
Selecting previously unselected package login.
dpkg: regarding .../login_1%3a4.2-3.1ubuntu5_amd64.deb containing login, pre-dependency problem:
 login pre-depends on libaudit1 (>= 1:2.2.1)
  libaudit1:amd64 is unpacked, but has never been configured.

dpkg: warning: ignoring pre-dependency problem!
dpkg: regarding .../login_1%3a4.2-3.1ubuntu5_amd64.deb containing login, pre-dependency problem:
 login pre-depends on libpam0g (>= 0.99.7.1)
  libpam0g:amd64 is unpacked, but has never been configured.

dpkg: warning: ignoring pre-dependency problem!
dpkg: regarding .../login_1%3a4.2-3.1ubuntu5_amd64.deb containing login, pre-dependency problem:
 login pre-depends on libpam-runtime
  libpam-runtime is unpacked, but has never been configured.

dpkg: warning: ignoring pre-dependency problem!
dpkg: regarding .../login_1%3a4.2-3.1ubuntu5_amd64.deb containing login, pre-dependency problem:
 login pre-depends on libpam-modules (>= 1.1.8-1)
  libpam-modules:amd64 is unpacked, but has never been configured.

dpkg: warning: ignoring pre-dependency problem!
Preparing to unpack .../login_1%3a4.2-3.1ubuntu5_amd64.deb ...
Unpacking login (1:4.2-3.1ubuntu5) ...
Selecting previously unselected package lsb-base.
Preparing to unpack .../lsb-base_9.20160110_all.deb ...
Unpacking lsb-base (9.20160110) ...
Selecting previously unselected package makedev.
Preparing to unpack .../makedev_2.3.1-93ubuntu1_all.deb ...
Unpacking makedev (2.3.1-93ubuntu1) ...
Preparing to unpack .../mawk_1.3.3-17ubuntu2_amd64.deb ...
Unpacking mawk (1.3.3-17ubuntu2) over (1.3.3-17ubuntu2) ...
Selecting previously unselected package mount.
dpkg: regarding .../mount_2.27.1-6ubuntu3_amd64.deb containing mount, pre-dependency problem:
 mount pre-depends on libblkid1 (>= 2.17.2)
  libblkid1:amd64 is unpacked, but has never been configured.

dpkg: warning: ignoring pre-dependency problem!
dpkg: regarding .../mount_2.27.1-6ubuntu3_amd64.deb containing mount, pre-dependency problem:
 mount pre-depends on libmount1 (>= 2.25)
  libmount1:amd64 is unpacked, but has never been configured.

dpkg: warning: ignoring pre-dependency problem!
dpkg: regarding .../mount_2.27.1-6ubuntu3_amd64.deb containing mount, pre-dependency problem:
 mount pre-depends on libsmartcols1 (>= 2.27~rc1)
  libsmartcols1:amd64 is unpacked, but has never been configured.

dpkg: warning: ignoring pre-dependency problem!
dpkg: regarding .../mount_2.27.1-6ubuntu3_amd64.deb containing mount, pre-dependency problem:
 mount pre-depends on libudev1 (>= 183)
  libudev1:amd64 is unpacked, but has never been configured.

dpkg: warning: ignoring pre-dependency problem!
Preparing to unpack .../mount_2.27.1-6ubuntu3_amd64.deb ...
Unpacking mount (2.27.1-6ubuntu3) ...
Selecting previously unselected package multiarch-support.
Preparing to unpack .../multiarch-support_2.23-0ubuntu3_amd64.deb ...
Unpacking multiarch-support (2.23-0ubuntu3) ...
Selecting previously unselected package ncurses-base.
Preparing to unpack .../ncurses-base_6.0+20160213-1ubuntu1_all.deb ...
Unpacking ncurses-base (6.0+20160213-1ubuntu1) ...
Selecting previously unselected package ncurses-bin.
dpkg: regarding .../ncurses-bin_6.0+20160213-1ubuntu1_amd64.deb containing ncurses-bin, pre-dependency problem:
 ncurses-bin pre-depends on libtinfo5 (>= 6.0+20151017)
  libtinfo5:amd64 is unpacked, but has never been configured.

dpkg: warning: ignoring pre-dependency problem!
dpkg: regarding .../ncurses-bin_6.0+20160213-1ubuntu1_amd64.deb containing ncurses-bin, pre-dependency problem:
 ncurses-bin pre-depends on libtinfo5 (<< 6.1~)
  libtinfo5:amd64 is unpacked, but has never been configured.

dpkg: warning: ignoring pre-dependency problem!
Preparing to unpack .../ncurses-bin_6.0+20160213-1ubuntu1_amd64.deb ...
Unpacking ncurses-bin (6.0+20160213-1ubuntu1) ...
Selecting previously unselected package passwd.
Preparing to unpack .../passwd_1%3a4.2-3.1ubuntu5_amd64.deb ...
Unpacking passwd (1:4.2-3.1ubuntu5) ...
Preparing to unpack .../perl-base_5.22.1-9_amd64.deb ...
Unpacking perl-base (5.22.1-9) over (5.22.1-9) ...
Selecting previously unselected package procps.
Preparing to unpack .../procps_2%3a3.3.10-4ubuntu2_amd64.deb ...
Unpacking procps (2:3.3.10-4ubuntu2) ...
Selecting previously unselected package sed.
dpkg: regarding .../archives/sed_4.2.2-7_amd64.deb containing sed, pre-dependency problem:
 sed pre-depends on libselinux1 (>= 1.32)
  libselinux1:amd64 is unpacked, but has never been configured.

dpkg: warning: ignoring pre-dependency problem!
Preparing to unpack .../archives/sed_4.2.2-7_amd64.deb ...
Unpacking sed (4.2.2-7) ...
Selecting previously unselected package sensible-utils.
Preparing to unpack .../sensible-utils_0.0.9_all.deb ...
Unpacking sensible-utils (0.0.9) ...
Selecting previously unselected package systemd.
dpkg: regarding .../systemd_229-4ubuntu4_amd64.deb containing systemd, pre-dependency problem:
 systemd pre-depends on libgcrypt20 (>= 1.6.1)
  libgcrypt20:amd64 is unpacked, but has never been configured.

dpkg: warning: ignoring pre-dependency problem!
dpkg: regarding .../systemd_229-4ubuntu4_amd64.deb containing systemd, pre-dependency problem:
 systemd pre-depends on liblzma5 (>= 5.1.1alpha+20120614)
  liblzma5:amd64 is unpacked, but has never been configured.

dpkg: warning: ignoring pre-dependency problem!
dpkg: regarding .../systemd_229-4ubuntu4_amd64.deb containing systemd, pre-dependency problem:
 systemd pre-depends on libselinux1 (>= 1.32)
  libselinux1:amd64 is unpacked, but has never been configured.

dpkg: warning: ignoring pre-dependency problem!
Preparing to unpack .../systemd_229-4ubuntu4_amd64.deb ...
Unpacking systemd (229-4ubuntu4) ...
Selecting previously unselected package systemd-sysv.
dpkg: regarding .../systemd-sysv_229-4ubuntu4_amd64.deb containing systemd-sysv, pre-dependency problem:
 systemd-sysv pre-depends on systemd
  systemd is unpacked, but has never been configured.

dpkg: warning: ignoring pre-dependency problem!
Preparing to unpack .../systemd-sysv_229-4ubuntu4_amd64.deb ...
Unpacking systemd-sysv (229-4ubuntu4) ...
Selecting previously unselected package sysv-rc.
dpkg: regarding .../sysv-rc_2.88dsf-59.3ubuntu2_all.deb containing sysv-rc, pre-dependency problem:
 sysv-rc pre-depends on init-system-helpers (>= 1.25~)
  init-system-helpers is unpacked, but has never been configured.

dpkg: warning: ignoring pre-dependency problem!
Preparing to unpack .../sysv-rc_2.88dsf-59.3ubuntu2_all.deb ...
Unpacking sysv-rc (2.88dsf-59.3ubuntu2) ...
Selecting previously unselected package sysvinit-utils.
Preparing to unpack .../sysvinit-utils_2.88dsf-59.3ubuntu2_amd64.deb ...
Unpacking sysvinit-utils (2.88dsf-59.3ubuntu2) ...
Selecting previously unselected package tar.
dpkg: regarding .../tar_1.28-2.1_amd64.deb containing tar, pre-dependency problem:
 tar pre-depends on libacl1 (>= 2.2.51-8)
  libacl1:amd64 is unpacked, but has never been configured.

dpkg: warning: ignoring pre-dependency problem!
dpkg: regarding .../tar_1.28-2.1_amd64.deb containing tar, pre-dependency problem:
 tar pre-depends on libselinux1 (>= 1.32)
  libselinux1:amd64 is unpacked, but has never been configured.

dpkg: warning: ignoring pre-dependency problem!
Preparing to unpack .../tar_1.28-2.1_amd64.deb ...
Unpacking tar (1.28-2.1) ...
Selecting previously unselected package tzdata.
Preparing to unpack .../tzdata_2016d-0ubuntu0.16.04_all.deb ...
Unpacking tzdata (2016d-0ubuntu0.16.04) ...
Selecting previously unselected package util-linux.
dpkg: regarding .../util-linux_2.27.1-6ubuntu3_amd64.deb containing util-linux, pre-dependency problem:
 util-linux pre-depends on libblkid1 (>= 2.25)
  libblkid1:amd64 is unpacked, but has never been configured.

dpkg: warning: ignoring pre-dependency problem!
dpkg: regarding .../util-linux_2.27.1-6ubuntu3_amd64.deb containing util-linux, pre-dependency problem:
 util-linux pre-depends on libfdisk1 (>= 2.27~rc1)
  libfdisk1:amd64 is unpacked, but has never been configured.

dpkg: warning: ignoring pre-dependency problem!
dpkg: regarding .../util-linux_2.27.1-6ubuntu3_amd64.deb containing util-linux, pre-dependency problem:
 util-linux pre-depends on libmount1 (>= 2.25)
  libmount1:amd64 is unpacked, but has never been configured.

dpkg: warning: ignoring pre-dependency problem!
dpkg: regarding .../util-linux_2.27.1-6ubuntu3_amd64.deb containing util-linux, pre-dependency problem:
 util-linux pre-depends on libncursesw5 (>= 6)
  libncursesw5:amd64 is unpacked, but has never been configured.

dpkg: warning: ignoring pre-dependency problem!
dpkg: regarding .../util-linux_2.27.1-6ubuntu3_amd64.deb containing util-linux, pre-dependency problem:
 util-linux pre-depends on libpam0g (>= 0.99.7.1)
  libpam0g:amd64 is unpacked, but has never been configured.

dpkg: warning: ignoring pre-dependency problem!
dpkg: regarding .../util-linux_2.27.1-6ubuntu3_amd64.deb containing util-linux, pre-dependency problem:
 util-linux pre-depends on libselinux1 (>= 1.32)
  libselinux1:amd64 is unpacked, but has never been configured.

dpkg: warning: ignoring pre-dependency problem!
dpkg: regarding .../util-linux_2.27.1-6ubuntu3_amd64.deb containing util-linux, pre-dependency problem:
 util-linux pre-depends on libsmartcols1 (>= 2.27~rc1)
  libsmartcols1:amd64 is unpacked, but has never been configured.

dpkg: warning: ignoring pre-dependency problem!
dpkg: regarding .../util-linux_2.27.1-6ubuntu3_amd64.deb containing util-linux, pre-dependency problem:
 util-linux pre-depends on libsystemd0
  libsystemd0:amd64 is unpacked, but has never been configured.

dpkg: warning: ignoring pre-dependency problem!
dpkg: regarding .../util-linux_2.27.1-6ubuntu3_amd64.deb containing util-linux, pre-dependency problem:
 util-linux pre-depends on libtinfo5 (>= 6)
  libtinfo5:amd64 is unpacked, but has never been configured.

dpkg: warning: ignoring pre-dependency problem!
dpkg: regarding .../util-linux_2.27.1-6ubuntu3_amd64.deb containing util-linux, pre-dependency problem:
 util-linux pre-depends on libudev1 (>= 183)
  libudev1:amd64 is unpacked, but has never been configured.

dpkg: warning: ignoring pre-dependency problem!
dpkg: regarding .../util-linux_2.27.1-6ubuntu3_amd64.deb containing util-linux, pre-dependency problem:
 util-linux pre-depends on libuuid1 (>= 2.16)
  libuuid1:amd64 is unpacked, but has never been configured.

dpkg: warning: ignoring pre-dependency problem!
dpkg: regarding .../util-linux_2.27.1-6ubuntu3_amd64.deb containing util-linux, pre-dependency problem:
 util-linux pre-depends on zlib1g (>= 1:1.1.4)
  zlib1g is not installed.

dpkg: warning: ignoring pre-dependency problem!
Preparing to unpack .../util-linux_2.27.1-6ubuntu3_amd64.deb ...
Unpacking util-linux (2.27.1-6ubuntu3) ...
Selecting previously unselected package zlib1g:amd64.
Preparing to unpack .../zlib1g_1%3a1.2.8.dfsg-2ubuntu4_amd64.deb ...
Unpacking zlib1g:amd64 (1:1.2.8.dfsg-2ubuntu4) ...
Setting up gcc-6-base:amd64 (6.0.1-0ubuntu1) ...
Setting up lsb-base (9.20160110) ...
Setting up sensible-utils (0.0.9) ...
Setting up ncurses-base (6.0+20160213-1ubuntu1) ...
Setting up libsemanage-common (2.3-1build3) ...
Setting up libaudit-common (1:2.4.5-1ubuntu2) ...
Setting up libc6:amd64 (2.23-0ubuntu3) ...
Setting up libbz2-1.0:amd64 (1.0.6-8) ...
Setting up libkmod2:amd64 (22-1ubuntu4) ...
Setting up libgpg-error0:amd64 (1.21-2ubuntu1) ...
Setting up libc-bin (2.23-0ubuntu3) ...
Setting up libseccomp2:amd64 (2.2.3-3ubuntu3) ...
Setting up libapparmor1:amd64 (2.10.95-0ubuntu2) ...
Setting up libdebconfclient0:amd64 (0.198ubuntu1) ...
Setting up diffutils (1:3.3-3) ...
Setting up insserv (1.14.0-5ubuntu3) ...
Setting up libcomerr2:amd64 (1.42.13-1ubuntu1) ...
Setting up libsepol1:amd64 (2.4-2) ...
Setting up libgcc1:amd64 (1:6.0.1-0ubuntu1) ...
Setting up libustr-1.0-1:amd64 (1.0.4-5) ...
Setting up libsmartcols1:amd64 (2.27.1-6ubuntu3) ...
Setting up libaudit1:amd64 (1:2.4.5-1ubuntu2) ...
Setting up libtinfo5:amd64 (6.0+20160213-1ubuntu1) ...
Setting up libudev1:amd64 (229-4ubuntu4) ...
Setting up libss2:amd64 (1.42.13-1ubuntu1) ...
Setting up base-passwd (3.5.39) ...
Setting up e2fslibs:amd64 (1.42.13-1ubuntu1) ...
Setting up debianutils (4.7) ...
Setting up libgcrypt20:amd64 (1.6.5-2) ...
Setting up libncursesw5:amd64 (6.0+20160213-1ubuntu1) ...
Setting up libdb5.3:amd64 (5.3.28-11) ...
Setting up zlib1g:amd64 (1:1.2.8.dfsg-2ubuntu4) ...
Setting up hostname (3.16ubuntu2) ...
Setting up multiarch-support (2.23-0ubuntu3) ...
Setting up mawk (1.3.3-17ubuntu2) ...
Setting up libcap2:amd64 (1:2.24-12) ...
Setting up libpcre3:amd64 (2:8.38-3.1) ...
Setting up base-files (9.4ubuntu4) ...
Setting up libselinux1:amd64 (2.4-3build2) ...
Setting up findutils (4.6.0+git+20160126-2) ...
Setting up ncurses-bin (6.0+20160213-1ubuntu1) ...
Setting up libncurses5:amd64 (6.0+20160213-1ubuntu1) ...
Setting up makedev (2.3.1-93ubuntu1) ...
Setting up libattr1:amd64 (1:2.4.47-2) ...
Setting up liblzma5:amd64 (5.1.1alpha+20120614-2ubuntu2) ...
Setting up libcap2-bin (1:2.24-12) ...
Setting up libsystemd0:amd64 (229-4ubuntu4) ...
Setting up libdevmapper1.02.1:amd64 (2:1.02.110-1ubuntu10) ...
Setting up libsemanage1:amd64 (2.3-1build3) ...
Setting up libacl1:amd64 (2.2.52-3) ...
Setting up libprocps4:amd64 (2:3.3.10-4ubuntu2) ...
Setting up bsdutils (1:2.27.1-6ubuntu3) ...
Setting up coreutils (8.25-2ubuntu2) ...
Setting up tar (1.28-2.1) ...
update-alternatives: using /usr/sbin/rmt-tar to provide /usr/sbin/rmt (rmt) in auto mode
Setting up dpkg (1.18.4ubuntu1) ...
Setting up sed (4.2.2-7) ...
Setting up perl-base (5.22.1-9) ...
Setting up grep (2.24-1) ...
Setting up debconf (1.5.58ubuntu1) ...
Setting up tzdata (2016d-0ubuntu0.16.04) ...

Current default time zone: 'Etc/UTC'
Local time is now:      Tue Jul 31 00:31:11 UTC 2018.
Universal Time is now:  Tue Jul 31 00:31:11 UTC 2018.
Run 'dpkg-reconfigure tzdata' if you wish to change it.

Setting up gzip (1.6-4ubuntu1) ...
Setting up dash (0.5.8-2.1ubuntu2) ...
Setting up init-system-helpers (1.29ubuntu1) ...
Setting up sysvinit-utils (2.88dsf-59.3ubuntu2) ...
Setting up sysv-rc (2.88dsf-59.3ubuntu2) ...
Setting up libpam0g:amd64 (1.1.8-3.2ubuntu2) ...
Setting up locales (2.23-0ubuntu3) ...
Generating locales (this might take a while)...
Generation complete.
Setting up libpam-modules-bin (1.1.8-3.2ubuntu2) ...
Setting up bash (4.3-14ubuntu1) ...
update-alternatives: using /usr/share/man/man7/bash-builtins.7.gz to provide /usr/share/man/man7/builtins.7.gz (builtins.7.gz) in auto mode
Setting up libpam-modules:amd64 (1.1.8-3.2ubuntu2) ...
Setting up libpam-runtime (1.1.8-3.2ubuntu2) ...
Setting up passwd (1:4.2-3.1ubuntu5) ...
Shadow passwords are now on.
Setting up login (1:4.2-3.1ubuntu5) ...
Setting up adduser (3.113+nmu3ubuntu4) ...
Setting up libuuid1:amd64 (2.27.1-6ubuntu3) ...
Setting up libblkid1:amd64 (2.27.1-6ubuntu3) ...
Setting up libmount1:amd64 (2.27.1-6ubuntu3) ...
Setting up libcryptsetup4:amd64 (2:1.6.6-5ubuntu2) ...
Setting up mount (2.27.1-6ubuntu3) ...
Setting up libfdisk1:amd64 (2.27.1-6ubuntu3) ...
Setting up initscripts (2.88dsf-59.3ubuntu2) ...
Running in chroot, ignoring request.
invoke-rc.d: policy-rc.d denied execution of start.
Setting up util-linux (2.27.1-6ubuntu3) ...
update-alternatives: using /bin/more to provide /usr/bin/pager (pager) in auto mode
Setting up e2fsprogs (1.42.13-1ubuntu1) ...
Setting up procps (2:3.3.10-4ubuntu2) ...
update-alternatives: using /usr/bin/w.procps to provide /usr/bin/w (w) in auto mode
update-rc.d: warning: start and stop actions are no longer supported; falling back to defaults
Running in chroot, ignoring request.
invoke-rc.d: policy-rc.d denied execution of start.
Setting up systemd (229-4ubuntu4) ...
Created symlink /etc/systemd/system/getty.target.wants/getty@tty1.service, pointing to /lib/systemd/system/getty@.service.
Created symlink /etc/systemd/system/multi-user.target.wants/remote-fs.target, pointing to /lib/systemd/system/remote-fs.target.
Created symlink /etc/systemd/system/sysinit.target.wants/systemd-timesyncd.service, pointing to /lib/systemd/system/systemd-timesyncd.service.
Initializing machine ID from random generator.
Adding group `systemd-journal' (GID 101) ...
Done.
Setting up systemd-sysv (229-4ubuntu4) ...
Setting up init (1.29ubuntu1) ...
Processing triggers for libc-bin (2.23-0ubuntu3) ...
(Reading database ... 6891 files and directories currently installed.)
Preparing to unpack .../libexpat1_2.1.0-7_amd64.deb ...
Unpacking libexpat1:amd64 (2.1.0-7) ...
Preparing to unpack .../libpython3.5-minimal_3.5.1-10_amd64.deb ...
Unpacking libpython3.5-minimal:amd64 (3.5.1-10) ...
Preparing to unpack .../libssl1.0.0_1.0.2g-1ubuntu4_amd64.deb ...
Unpacking libssl1.0.0:amd64 (1.0.2g-1ubuntu4) ...
Preparing to unpack .../python3-minimal_3.5.1-3_amd64.deb ...
Unpacking python3-minimal (3.5.1-3) ...
Preparing to unpack .../python3.5-minimal_3.5.1-10_amd64.deb ...
Unpacking python3.5-minimal (3.5.1-10) ...
Setting up libexpat1:amd64 (2.1.0-7) ...
Setting up libssl1.0.0:amd64 (1.0.2g-1ubuntu4) ...
Setting up libpython3.5-minimal:amd64 (3.5.1-10) ...
Setting up python3.5-minimal (3.5.1-10) ...
Setting up python3-minimal (3.5.1-3) ...
Processing triggers for libc-bin (2.23-0ubuntu3) ...
(Reading database ... 7179 files and directories currently installed.)
Preparing to unpack .../apt_1.2.10ubuntu1_amd64.deb ...
Unpacking apt (1.2.10ubuntu1) ...
Preparing to unpack .../apt-utils_1.2.10ubuntu1_amd64.deb ...
Unpacking apt-utils (1.2.10ubuntu1) ...
Preparing to unpack .../busybox-initramfs_1%3a1.22.0-15ubuntu1_amd64.deb ...
Unpacking busybox-initramfs (1:1.22.0-15ubuntu1) ...
Preparing to unpack .../bzip2_1.0.6-8_amd64.deb ...
Unpacking bzip2 (1.0.6-8) ...
Preparing to unpack .../console-setup_1.108ubuntu15_all.deb ...
Unpacking console-setup (1.108ubuntu15) ...
Preparing to unpack .../console-setup-linux_1.108ubuntu15_all.deb ...
Unpacking console-setup-linux (1.108ubuntu15) ...
Preparing to unpack .../cpio_2.11+dfsg-5ubuntu1_amd64.deb ...
Unpacking cpio (2.11+dfsg-5ubuntu1) ...
Preparing to unpack .../cron_3.0pl1-128ubuntu2_amd64.deb ...
Unpacking cron (3.0pl1-128ubuntu2) ...
Preparing to unpack .../debconf-i18n_1.5.58ubuntu1_all.deb ...
Unpacking debconf-i18n (1.5.58ubuntu1) ...
Preparing to unpack .../dh-python_2.20151103ubuntu1_all.deb ...
Unpacking dh-python (2.20151103ubuntu1) ...
Preparing to unpack .../distro-info-data_0.28_all.deb ...
Unpacking distro-info-data (0.28) ...
Preparing to unpack .../eject_2.1.5+deb1+cvs20081104-13.1_amd64.deb ...
Unpacking eject (2.1.5+deb1+cvs20081104-13.1) ...
Preparing to unpack .../file_1%3a5.25-2ubuntu1_amd64.deb ...
Unpacking file (1:5.25-2ubuntu1) ...
Preparing to unpack .../gcc-5-base_5.3.1-14ubuntu2_amd64.deb ...
Unpacking gcc-5-base:amd64 (5.3.1-14ubuntu2) ...
Preparing to unpack .../gnupg_1.4.20-1ubuntu3_amd64.deb ...
Unpacking gnupg (1.4.20-1ubuntu3) ...
Preparing to unpack .../gpgv_1.4.20-1ubuntu3_amd64.deb ...
Unpacking gpgv (1.4.20-1ubuntu3) ...
Preparing to unpack .../ifupdown_0.8.10ubuntu1_amd64.deb ...
Unpacking ifupdown (0.8.10ubuntu1) ...
Preparing to unpack .../initramfs-tools_0.122ubuntu8_all.deb ...
Unpacking initramfs-tools (0.122ubuntu8) ...
Preparing to unpack .../initramfs-tools-bin_0.122ubuntu8_amd64.deb ...
Unpacking initramfs-tools-bin (0.122ubuntu8) ...
Preparing to unpack .../initramfs-tools-core_0.122ubuntu8_all.deb ...
Unpacking initramfs-tools-core (0.122ubuntu8) ...
Preparing to unpack .../iproute2_4.3.0-1ubuntu3_amd64.deb ...
Unpacking iproute2 (4.3.0-1ubuntu3) ...
Preparing to unpack .../iputils-ping_3%3a20121221-5ubuntu2_amd64.deb ...
Unpacking iputils-ping (3:20121221-5ubuntu2) ...
Preparing to unpack .../isc-dhcp-client_4.3.3-5ubuntu12_amd64.deb ...
Unpacking isc-dhcp-client (4.3.3-5ubuntu12) ...
Preparing to unpack .../isc-dhcp-common_4.3.3-5ubuntu12_amd64.deb ...
Unpacking isc-dhcp-common (4.3.3-5ubuntu12) ...
Preparing to unpack .../kbd_1.15.5-1ubuntu4_amd64.deb ...
Unpacking kbd (1.15.5-1ubuntu4) ...
Preparing to unpack .../keyboard-configuration_1.108ubuntu15_all.deb ...
Unpacking keyboard-configuration (1.108ubuntu15) ...
Preparing to unpack .../klibc-utils_2.0.4-8ubuntu1_amd64.deb ...
Adding 'diversion of /usr/share/initramfs-tools/hooks/klibc to /usr/share/initramfs-tools/hooks/klibc^i-t by klibc-utils'
Unpacking klibc-utils (2.0.4-8ubuntu1) ...
Preparing to unpack .../kmod_22-1ubuntu4_amd64.deb ...
Unpacking kmod (22-1ubuntu4) ...
Preparing to unpack .../less_481-2.1_amd64.deb ...
Unpacking less (481-2.1) ...
Preparing to unpack .../libapt-inst2.0_1.2.10ubuntu1_amd64.deb ...
Unpacking libapt-inst2.0:amd64 (1.2.10ubuntu1) ...
Preparing to unpack .../libapt-pkg5.0_1.2.10ubuntu1_amd64.deb ...
Unpacking libapt-pkg5.0:amd64 (1.2.10ubuntu1) ...
Preparing to unpack .../libatm1_1%3a2.5.1-1.5_amd64.deb ...
Unpacking libatm1:amd64 (1:2.5.1-1.5) ...
Preparing to unpack .../libbsd0_0.8.2-1_amd64.deb ...
Unpacking libbsd0:amd64 (0.8.2-1) ...
Preparing to unpack .../libdns-export162_1%3a9.10.3.dfsg.P4-8_amd64.deb ...
Unpacking libdns-export162 (1:9.10.3.dfsg.P4-8) ...
Preparing to unpack .../libestr0_0.1.10-1_amd64.deb ...
Unpacking libestr0 (0.1.10-1) ...
Preparing to unpack .../libffi6_3.2.1-4_amd64.deb ...
Unpacking libffi6:amd64 (3.2.1-4) ...
Preparing to unpack .../libfribidi0_0.19.7-1_amd64.deb ...
Unpacking libfribidi0:amd64 (0.19.7-1) ...
Preparing to unpack .../libgmp10_2%3a6.1.0+dfsg-2_amd64.deb ...
Unpacking libgmp10:amd64 (2:6.1.0+dfsg-2) ...
Preparing to unpack .../libgnutls-openssl27_3.4.10-4ubuntu1_amd64.deb ...
Unpacking libgnutls-openssl27:amd64 (3.4.10-4ubuntu1) ...
Preparing to unpack .../libgnutls30_3.4.10-4ubuntu1_amd64.deb ...
Unpacking libgnutls30:amd64 (3.4.10-4ubuntu1) ...
Preparing to unpack .../libhogweed4_3.2-1_amd64.deb ...
Unpacking libhogweed4:amd64 (3.2-1) ...
Preparing to unpack .../libidn11_1.32-3ubuntu1_amd64.deb ...
Unpacking libidn11:amd64 (1.32-3ubuntu1) ...
Preparing to unpack .../libisc-export160_1%3a9.10.3.dfsg.P4-8_amd64.deb ...
Unpacking libisc-export160 (1:9.10.3.dfsg.P4-8) ...
Preparing to unpack .../libjson-c2_0.11-4ubuntu2_amd64.deb ...
Unpacking libjson-c2:amd64 (0.11-4ubuntu2) ...
Preparing to unpack .../libklibc_2.0.4-8ubuntu1_amd64.deb ...
Unpacking libklibc (2.0.4-8ubuntu1) ...
Preparing to unpack .../liblocale-gettext-perl_1.07-1build1_amd64.deb ...
Unpacking liblocale-gettext-perl (1.07-1build1) ...
Preparing to unpack .../liblz4-1_0.0~r131-2ubuntu2_amd64.deb ...
Unpacking liblz4-1:amd64 (0.0~r131-2ubuntu2) ...
Preparing to unpack .../libmagic1_1%3a5.25-2ubuntu1_amd64.deb ...
Unpacking libmagic1:amd64 (1:5.25-2ubuntu1) ...
Preparing to unpack .../libmnl0_1.0.3-5_amd64.deb ...
Unpacking libmnl0:amd64 (1.0.3-5) ...
Preparing to unpack .../libmpdec2_2.4.2-1_amd64.deb ...
Unpacking libmpdec2:amd64 (2.4.2-1) ...
Preparing to unpack .../libnettle6_3.2-1_amd64.deb ...
Unpacking libnettle6:amd64 (3.2-1) ...
Preparing to unpack .../libnewt0.52_0.52.18-1ubuntu2_amd64.deb ...
Unpacking libnewt0.52:amd64 (0.52.18-1ubuntu2) ...
Preparing to unpack .../libnih1_1.0.3-4.3ubuntu1_amd64.deb ...
Unpacking libnih1:amd64 (1.0.3-4.3ubuntu1) ...
Preparing to unpack .../libp11-kit0_0.23.2-3_amd64.deb ...
Unpacking libp11-kit0:amd64 (0.23.2-3) ...
Preparing to unpack .../libpng12-0_1.2.54-1ubuntu1_amd64.deb ...
Unpacking libpng12-0:amd64 (1.2.54-1ubuntu1) ...
Preparing to unpack .../libpopt0_1.16-10_amd64.deb ...
Unpacking libpopt0:amd64 (1.16-10) ...
Preparing to unpack .../libpython3-stdlib_3.5.1-3_amd64.deb ...
Unpacking libpython3-stdlib:amd64 (3.5.1-3) ...
Preparing to unpack .../libpython3.5-stdlib_3.5.1-10_amd64.deb ...
Unpacking libpython3.5-stdlib:amd64 (3.5.1-10) ...
Preparing to unpack .../libreadline6_6.3-8ubuntu2_amd64.deb ...
Unpacking libreadline6:amd64 (6.3-8ubuntu2) ...
Preparing to unpack .../libslang2_2.3.0-2ubuntu1_amd64.deb ...
Unpacking libslang2:amd64 (2.3.0-2ubuntu1) ...
Preparing to unpack .../libsqlite3-0_3.11.0-1ubuntu1_amd64.deb ...
Unpacking libsqlite3-0:amd64 (3.11.0-1ubuntu1) ...
Preparing to unpack .../libstdc++6_5.3.1-14ubuntu2_amd64.deb ...
Unpacking libstdc++6:amd64 (5.3.1-14ubuntu2) ...
Preparing to unpack .../libtasn1-6_4.7-3_amd64.deb ...
Unpacking libtasn1-6:amd64 (4.7-3) ...
Preparing to unpack .../libtext-charwidth-perl_0.04-7build5_amd64.deb ...
Unpacking libtext-charwidth-perl (0.04-7build5) ...
Preparing to unpack .../libtext-iconv-perl_1.7-5build4_amd64.deb ...
Unpacking libtext-iconv-perl (1.7-5build4) ...
Preparing to unpack .../libtext-wrapi18n-perl_0.06-7.1_all.deb ...
Unpacking libtext-wrapi18n-perl (0.06-7.1) ...
Preparing to unpack .../libusb-0.1-4_2%3a0.1.12-28_amd64.deb ...
Unpacking libusb-0.1-4:amd64 (2:0.1.12-28) ...
Preparing to unpack .../libxtables11_1.6.0-2ubuntu3_amd64.deb ...
Unpacking libxtables11:amd64 (1.6.0-2ubuntu3) ...
Preparing to unpack .../linux-base_4.0ubuntu1_all.deb ...
Unpacking linux-base (4.0ubuntu1) ...
Preparing to unpack .../logrotate_3.8.7-2ubuntu2_amd64.deb ...
Unpacking logrotate (3.8.7-2ubuntu2) ...
Preparing to unpack .../lsb-release_9.20160110_all.deb ...
Unpacking lsb-release (9.20160110) ...
Preparing to unpack .../mime-support_3.59ubuntu1_all.deb ...
Unpacking mime-support (3.59ubuntu1) ...
Preparing to unpack .../net-tools_1.60-26ubuntu1_amd64.deb ...
Unpacking net-tools (1.60-26ubuntu1) ...
Preparing to unpack .../archives/netbase_5.3_all.deb ...
Unpacking netbase (5.3) ...
Preparing to unpack .../netcat-openbsd_1.105-7ubuntu1_amd64.deb ...
Unpacking netcat-openbsd (1.105-7ubuntu1) ...
Preparing to unpack .../python3_3.5.1-3_amd64.deb ...
Unpacking python3 (3.5.1-3) ...
Preparing to unpack .../python3.5_3.5.1-10_amd64.deb ...
Unpacking python3.5 (3.5.1-10) ...
Preparing to unpack .../readline-common_6.3-8ubuntu2_all.deb ...
Unpacking readline-common (6.3-8ubuntu2) ...
Preparing to unpack .../resolvconf_1.78ubuntu2_all.deb ...
Unpacking resolvconf (1.78ubuntu2) ...
Preparing to unpack .../rsyslog_8.16.0-1ubuntu3_amd64.deb ...
Unpacking rsyslog (8.16.0-1ubuntu3) ...
Preparing to unpack .../sudo_1.8.16-0ubuntu1_amd64.deb ...
Unpacking sudo (1.8.16-0ubuntu1) ...
Preparing to unpack .../ubuntu-keyring_2012.05.19_all.deb ...
Unpacking ubuntu-keyring (2012.05.19) ...
Preparing to unpack .../ubuntu-minimal_1.361_amd64.deb ...
Unpacking ubuntu-minimal (1.361) ...
Preparing to unpack .../archives/ucf_3.0036_all.deb ...
Moving old data out of the way
Unpacking ucf (3.0036) ...
Preparing to unpack .../udev_229-4ubuntu4_amd64.deb ...
Unpacking udev (229-4ubuntu4) ...
Preparing to unpack .../ureadahead_0.100.0-19_amd64.deb ...
Unpacking ureadahead (0.100.0-19) ...
Preparing to unpack .../vim-common_2%3a7.4.1689-3ubuntu1_amd64.deb ...
Unpacking vim-common (2:7.4.1689-3ubuntu1) ...
Preparing to unpack .../vim-tiny_2%3a7.4.1689-3ubuntu1_amd64.deb ...
Unpacking vim-tiny (2:7.4.1689-3ubuntu1) ...
Preparing to unpack .../whiptail_0.52.18-1ubuntu2_amd64.deb ...
Unpacking whiptail (0.52.18-1ubuntu2) ...
Preparing to unpack .../xkb-data_2.16-1ubuntu1_all.deb ...
Unpacking xkb-data (2.16-1ubuntu1) ...
Processing triggers for libc-bin (2.23-0ubuntu3) ...
Processing triggers for systemd (229-4ubuntu4) ...
Setting up readline-common (6.3-8ubuntu2) ...
Setting up libnettle6:amd64 (3.2-1) ...
Setting up cpio (2.11+dfsg-5ubuntu1) ...
update-alternatives: using /bin/mt-gnu to provide /bin/mt (mt) in auto mode
Setting up libpopt0:amd64 (1.16-10) ...
Setting up kmod (22-1ubuntu4) ...
Setting up libestr0 (0.1.10-1) ...
Setting up less (481-2.1) ...
Setting up libisc-export160 (1:9.10.3.dfsg.P4-8) ...
Setting up liblz4-1:amd64 (0.0~r131-2ubuntu2) ...
Setting up mime-support (3.59ubuntu1) ...
Setting up sudo (1.8.16-0ubuntu1) ...
Setting up isc-dhcp-common (4.3.3-5ubuntu12) ...
Setting up libklibc (2.0.4-8ubuntu1) ...
Setting up gpgv (1.4.20-1ubuntu3) ...
Setting up xkb-data (2.16-1ubuntu1) ...
Setting up linux-base (4.0ubuntu1) ...
Setting up libxtables11:amd64 (1.6.0-2ubuntu3) ...
Setting up libdns-export162 (1:9.10.3.dfsg.P4-8) ...
Setting up distro-info-data (0.28) ...
Setting up libbsd0:amd64 (0.8.2-1) ...
Setting up libpng12-0:amd64 (1.2.54-1ubuntu1) ...
Setting up ucf (3.0036) ...
Setting up libtasn1-6:amd64 (4.7-3) ...
Setting up bzip2 (1.0.6-8) ...
Setting up libmagic1:amd64 (1:5.25-2ubuntu1) ...
Setting up netcat-openbsd (1.105-7ubuntu1) ...
update-alternatives: using /bin/nc.openbsd to provide /bin/nc (nc) in auto mode
Setting up busybox-initramfs (1:1.22.0-15ubuntu1) ...
Setting up libgmp10:amd64 (2:6.1.0+dfsg-2) ...
Setting up libatm1:amd64 (1:2.5.1-1.5) ...
Setting up udev (229-4ubuntu4) ...
Adding group `input' (GID 106) ...
Done.
A chroot environment has been detected, udev not started.
Setting up libtext-iconv-perl (1.7-5build4) ...
Setting up vim-common (2:7.4.1689-3ubuntu1) ...
Setting up libsqlite3-0:amd64 (3.11.0-1ubuntu1) ...
Setting up libfribidi0:amd64 (0.19.7-1) ...
Setting up liblocale-gettext-perl (1.07-1build1) ...
Setting up libffi6:amd64 (3.2.1-4) ...
Setting up libtext-charwidth-perl (0.04-7build5) ...
Setting up initramfs-tools-bin (0.122ubuntu8) ...
Setting up net-tools (1.60-26ubuntu1) ...
Setting up libslang2:amd64 (2.3.0-2ubuntu1) ...
Setting up cron (3.0pl1-128ubuntu2) ...
Adding group `crontab' (GID 107) ...
Done.
update-rc.d: warning: start and stop actions are no longer supported; falling back to defaults
update-rc.d: warning: stop runlevel arguments (1) do not match cron Default-Stop values (none)
Running in chroot, ignoring request.
invoke-rc.d: policy-rc.d denied execution of start.
Setting up libmnl0:amd64 (1.0.3-5) ...
Setting up libusb-0.1-4:amd64 (2:0.1.12-28) ...
Setting up libnih1:amd64 (1.0.3-4.3ubuntu1) ...
Setting up logrotate (3.8.7-2ubuntu2) ...
Setting up libidn11:amd64 (1.32-3ubuntu1) ...
Setting up libmpdec2:amd64 (2.4.2-1) ...
Setting up ubuntu-keyring (2012.05.19) ...
Setting up libreadline6:amd64 (6.3-8ubuntu2) ...
Setting up gcc-5-base:amd64 (5.3.1-14ubuntu2) ...
Setting up libjson-c2:amd64 (0.11-4ubuntu2) ...
Setting up eject (2.1.5+deb1+cvs20081104-13.1) ...
Setting up netbase (5.3) ...
Setting up vim-tiny (2:7.4.1689-3ubuntu1) ...
update-alternatives: using /usr/bin/vim.tiny to provide /usr/bin/rview (rview) in auto mode
update-alternatives: using /usr/bin/vim.tiny to provide /usr/bin/vi (vi) in auto mode
update-alternatives: using /usr/bin/vim.tiny to provide /usr/bin/view (view) in auto mode
update-alternatives: using /usr/bin/vim.tiny to provide /usr/bin/ex (ex) in auto mode
update-alternatives: using /usr/bin/vim.tiny to provide /usr/bin/editor (editor) in auto mode
Setting up keyboard-configuration (1.108ubuntu15) ...
update-rc.d: warning: start and stop actions are no longer supported; falling back to defaults
update-initramfs: deferring update (trigger activated)
Setting up klibc-utils (2.0.4-8ubuntu1) ...
Setting up ureadahead (0.100.0-19) ...
Setting up initramfs-tools-core (0.122ubuntu8) ...
Setting up libpython3.5-stdlib:amd64 (3.5.1-10) ...
Setting up gnupg (1.4.20-1ubuntu3) ...
Setting up initramfs-tools (0.122ubuntu8) ...
update-initramfs: deferring update (trigger activated)
Setting up file (1:5.25-2ubuntu1) ...
Setting up iproute2 (4.3.0-1ubuntu3) ...
Setting up isc-dhcp-client (4.3.3-5ubuntu12) ...
Setting up libhogweed4:amd64 (3.2-1) ...
Setting up libtext-wrapi18n-perl (0.06-7.1) ...
Setting up libp11-kit0:amd64 (0.23.2-3) ...
Setting up libstdc++6:amd64 (5.3.1-14ubuntu2) ...
Setting up libnewt0.52:amd64 (0.52.18-1ubuntu2) ...
update-alternatives: using /etc/newt/palette.ubuntu to provide /etc/newt/palette (newt-palette) in auto mode
Setting up rsyslog (8.16.0-1ubuntu3) ...

Creating config file /etc/rsyslog.d/50-default.conf with new version
Adding user `syslog' to group `adm' ...
Adding user syslog to group adm
Done.
Running in chroot, ignoring request.
invoke-rc.d: policy-rc.d denied execution of start.
Setting up python3.5 (3.5.1-10) ...
Setting up libpython3-stdlib:amd64 (3.5.1-3) ...
Setting up libapt-pkg5.0:amd64 (1.2.10ubuntu1) ...
Setting up libapt-inst2.0:amd64 (1.2.10ubuntu1) ...
Setting up ifupdown (0.8.10ubuntu1) ...
Creating /etc/network/interfaces.
Setting up debconf-i18n (1.5.58ubuntu1) ...
Setting up whiptail (0.52.18-1ubuntu2) ...
Setting up libgnutls30:amd64 (3.4.10-4ubuntu1) ...
Setting up libgnutls-openssl27:amd64 (3.4.10-4ubuntu1) ...
Setting up apt (1.2.10ubuntu1) ...
Setting up resolvconf (1.78ubuntu2) ...
Setting up iputils-ping (3:20121221-5ubuntu2) ...
Setcap is not installed, falling back to setuid
Setting up apt-utils (1.2.10ubuntu1) ...
Setting up kbd (1.15.5-1ubuntu4) ...
Setting up console-setup-linux (1.108ubuntu15) ...
update-alternatives: using /etc/console-setup/vtrgb to provide /etc/vtrgb (vtrgb) in auto mode
Setting up console-setup (1.108ubuntu15) ...
update-initramfs: deferring update (trigger activated)
Setting up python3 (3.5.1-3) ...
Setting up lsb-release (9.20160110) ...
Setting up ubuntu-minimal (1.361) ...
Setting up dh-python (2.20151103ubuntu1) ...
Processing triggers for libc-bin (2.23-0ubuntu3) ...
Processing triggers for systemd (229-4ubuntu4) ...
Processing triggers for initramfs-tools (0.122ubuntu8) ...
Processing triggers for ureadahead (0.100.0-19) ...
Processing triggers for resolvconf (1.78ubuntu2) ...
